
==========================================
 Starting optimization
==========================================
Parsing XDC File [C:/git/aes_engine/aes_offload/imp/vivado_2021.2/constraints/aes_engine_imp.xdc]
WARNING: [Vivado 12-2489] -period contains time 3.333300 which will be rounded to 3.333 to ensure it is an integer multiple of 1 picosecond [C:/git/aes_engine/aes_offload/imp/vivado_2021.2/constraints/aes_engine_imp.xdc:2]
WARNING: [Constraints 18-619] A clock with name 'board_clk' already exists, overwriting the previous clock with the same name. [C:/git/aes_engine/aes_offload/imp/vivado_2021.2/constraints/aes_engine_imp.xdc:2]
WARNING: [Vivado 12-584] No ports matched 'o_done'. [C:/git/aes_engine/aes_offload/imp/vivado_2021.2/constraints/aes_engine_imp.xdc:9]
CRITICAL WARNING: [Common 17-55] 'set_property' expects at least one object. [C:/git/aes_engine/aes_offload/imp/vivado_2021.2/constraints/aes_engine_imp.xdc:9]
Resolution: If [get_<value>] was used to populate the object, check to make sure this command returns at least one valid object.
WARNING: [Vivado 12-584] No ports matched 'o_done'. [C:/git/aes_engine/aes_offload/imp/vivado_2021.2/constraints/aes_engine_imp.xdc:10]
CRITICAL WARNING: [Common 17-55] 'set_property' expects at least one object. [C:/git/aes_engine/aes_offload/imp/vivado_2021.2/constraints/aes_engine_imp.xdc:10]
Resolution: If [get_<value>] was used to populate the object, check to make sure this command returns at least one valid object.
Finished Parsing XDC File [C:/git/aes_engine/aes_offload/imp/vivado_2021.2/constraints/aes_engine_imp.xdc]
Command: opt_design
Attempting to get a license for feature 'Implementation' and/or device 'xczu9eg'
INFO: [Common 17-349] Got license for feature 'Implementation' and/or device 'xczu9eg'
Running DRC as a precondition to command opt_design

Starting DRC Task
INFO: [DRC 23-27] Running DRC with 8 threads
INFO: [Project 1-461] DRC finished with 0 Errors
INFO: [Project 1-462] Please refer to the DRC report (report_drc) for more information.

Time (s): cpu = 00:00:06 ; elapsed = 00:00:04 . Memory (MB): peak = 3950.230 ; gain = 0.000

Starting Cache Timing Information Task
Ending Cache Timing Information Task | Checksum: 18f331f0a

Time (s): cpu = 00:00:01 ; elapsed = 00:00:00.275 . Memory (MB): peak = 3950.230 ; gain = 0.000

Starting Logic Optimization Task

Phase 1 Generate And Synthesize Debug Cores
INFO: [Chipscope 16-329] Generating Script for core instance : dbg_hub 
INFO: [IP_Flow 19-3806] Processing IP xilinx.com:ip:xsdbm:3.0 for cell dbg_hub_CV.
Netlist sorting complete. Time (s): cpu = 00:00:00 ; elapsed = 00:00:00.115 . Memory (MB): peak = 3950.230 ; gain = 0.000
Phase 1 Generate And Synthesize Debug Cores | Checksum: 19acfe750

Time (s): cpu = 00:00:09 ; elapsed = 00:02:20 . Memory (MB): peak = 3950.230 ; gain = 0.000

Phase 2 Retarget
INFO: [Opt 31-138] Pushed 3 inverter(s) to 25 load pin(s).
INFO: [Opt 31-49] Retargeted 0 cell(s).
Phase 2 Retarget | Checksum: 24ab4c572

Time (s): cpu = 00:00:17 ; elapsed = 00:02:25 . Memory (MB): peak = 3950.230 ; gain = 0.000
INFO: [Opt 31-389] Phase Retarget created 2464 cells and removed 2473 cells
INFO: [Opt 31-1021] In phase Retarget, 193 netlist objects are constrained preventing optimization. Please run opt_design with -debug_log to get more detail. 

Phase 3 Constant propagation
INFO: [Opt 31-138] Pushed 0 inverter(s) to 0 load pin(s).
Phase 3 Constant propagation | Checksum: 24ab4c572

Time (s): cpu = 00:00:18 ; elapsed = 00:02:26 . Memory (MB): peak = 3950.230 ; gain = 0.000
INFO: [Opt 31-389] Phase Constant propagation created 0 cells and removed 0 cells
INFO: [Opt 31-1021] In phase Constant propagation, 193 netlist objects are constrained preventing optimization. Please run opt_design with -debug_log to get more detail. 

Phase 4 Sweep
Phase 4 Sweep | Checksum: 2518e4ba2

Time (s): cpu = 00:00:19 ; elapsed = 00:02:27 . Memory (MB): peak = 3950.230 ; gain = 0.000
INFO: [Opt 31-389] Phase Sweep created 0 cells and removed 32 cells
INFO: [Opt 31-1021] In phase Sweep, 1727 netlist objects are constrained preventing optimization. Please run opt_design with -debug_log to get more detail. 

Phase 5 BUFG optimization
INFO: [Opt 31-1077] Phase BUFG optimization inserted 0 global clock buffer(s) for CLOCK_LOW_FANOUT.
Phase 5 BUFG optimization | Checksum: 2518e4ba2

Time (s): cpu = 00:00:20 ; elapsed = 00:02:28 . Memory (MB): peak = 3950.230 ; gain = 0.000
INFO: [Opt 31-662] Phase BUFG optimization created 0 cells of which 0 are BUFGs and removed 0 cells.

Phase 6 Shift Register Optimization
INFO: [Opt 31-1064] SRL Remap converted 0 SRLs to 0 registers and converted 0 registers of register chains to 0 SRLs
Phase 6 Shift Register Optimization | Checksum: 2518e4ba2

Time (s): cpu = 00:00:20 ; elapsed = 00:02:28 . Memory (MB): peak = 3950.230 ; gain = 0.000
INFO: [Opt 31-389] Phase Shift Register Optimization created 0 cells and removed 0 cells

Phase 7 Post Processing Netlist
Phase 7 Post Processing Netlist | Checksum: 2518e4ba2

Time (s): cpu = 00:00:20 ; elapsed = 00:02:28 . Memory (MB): peak = 3950.230 ; gain = 0.000
INFO: [Opt 31-389] Phase Post Processing Netlist created 0 cells and removed 0 cells
INFO: [Opt 31-1021] In phase Post Processing Netlist, 201 netlist objects are constrained preventing optimization. Please run opt_design with -debug_log to get more detail. 
Opt_design Change Summary
=========================


-------------------------------------------------------------------------------------------------------------------------
|  Phase                        |  #Cells created  |  #Cells Removed  |  #Constrained objects preventing optimizations  |
-------------------------------------------------------------------------------------------------------------------------
|  Retarget                     |            2464  |            2473  |                                            193  |
|  Constant propagation         |               0  |               0  |                                            193  |
|  Sweep                        |               0  |              32  |                                           1727  |
|  BUFG optimization            |               0  |               0  |                                              0  |
|  Shift Register Optimization  |               0  |               0  |                                              0  |
|  Post Processing Netlist      |               0  |               0  |                                            201  |
-------------------------------------------------------------------------------------------------------------------------



Starting Connectivity Check Task

Time (s): cpu = 00:00:01 ; elapsed = 00:00:00.200 . Memory (MB): peak = 3950.230 ; gain = 0.000
Ending Logic Optimization Task | Checksum: 1bfc2bf9a

Time (s): cpu = 00:00:21 ; elapsed = 00:02:29 . Memory (MB): peak = 3950.230 ; gain = 0.000

Starting Power Optimization Task
INFO: [Pwropt 34-132] Skipping clock gating for clocks with a period < 2.00 ns.
INFO: [Pwropt 34-9] Applying IDT optimizations ...
INFO: [Pwropt 34-10] Applying ODC optimizations ...
INFO: [Timing 38-35] Done setting XDC timing constraints.
Running Vector-less Activity Propagation...

Finished Running Vector-less Activity Propagation


Starting PowerOpt Patch Enables Task
INFO: [Pwropt 34-162] WRITE_MODE attribute of 0 BRAM(s) out of a total of 8 has been updated to save power. Run report_power_opt to get a complete listing of the BRAMs updated.
INFO: [Pwropt 34-201] Structural ODC has moved 0 WE to EN ports
Number of BRAM Ports augmented: 0 newly gated: 0 Total Ports: 16
Ending PowerOpt Patch Enables Task | Checksum: 1bfc2bf9a

Time (s): cpu = 00:00:00 ; elapsed = 00:00:00.285 . Memory (MB): peak = 3950.230 ; gain = 0.000
Ending Power Optimization Task | Checksum: 1bfc2bf9a

Time (s): cpu = 00:00:38 ; elapsed = 00:00:18 . Memory (MB): peak = 3950.230 ; gain = 0.000

Starting Final Cleanup Task
Ending Final Cleanup Task | Checksum: 1bfc2bf9a

Time (s): cpu = 00:00:00 ; elapsed = 00:00:00.001 . Memory (MB): peak = 3950.230 ; gain = 0.000

Starting Netlist Obfuscation Task
Netlist sorting complete. Time (s): cpu = 00:00:00 ; elapsed = 00:00:00.035 . Memory (MB): peak = 3950.230 ; gain = 0.000
Ending Netlist Obfuscation Task | Checksum: 1bfc2bf9a

Time (s): cpu = 00:00:00 ; elapsed = 00:00:00.035 . Memory (MB): peak = 3950.230 ; gain = 0.000
INFO: [Common 17-83] Releasing license: Implementation
90 Infos, 1822 Warnings, 2 Critical Warnings and 0 Errors encountered.
opt_design completed successfully
opt_design: Time (s): cpu = 00:01:10 ; elapsed = 00:02:55 . Memory (MB): peak = 3950.230 ; gain = 0.000
INFO: [Common 17-600] The following parameters have non-default value.
general.maxThreads

