
==========================================
 Starting route
==========================================
Command: route_design
Attempting to get a license for feature 'Implementation' and/or device 'xczu9eg'
INFO: [Common 17-349] Got license for feature 'Implementation' and/or device 'xczu9eg'
Running DRC as a precondition to command route_design
INFO: [DRC 23-27] Running DRC with 8 threads
INFO: [Vivado_Tcl 4-198] DRC finished with 0 Errors
INFO: [Vivado_Tcl 4-199] Please refer to the DRC report (report_drc) for more information.


Starting Routing Task
INFO: [Route 35-254] Multithreading enabled for route_design using a maximum of 8 CPUs

Phase 1 Build RT Design
Checksum: PlaceDB: 927bab84 ConstDB: 0 ShapeSum: fe8698ae RouteDB: 4cf20775
Nodegraph reading from file.  Time (s): cpu = 00:00:02 ; elapsed = 00:00:02 . Memory (MB): peak = 4748.391 ; gain = 0.000
Post Restoration Checksum: NetGraph: 31c32332 NumContArr: a3130ee9 Constraints: 966803fa Timing: 0
Phase 1 Build RT Design | Checksum: 16b3e3615

Time (s): cpu = 00:00:21 ; elapsed = 00:00:14 . Memory (MB): peak = 4748.391 ; gain = 0.000

Phase 2 Router Initialization

Phase 2.1 Create Timer
Phase 2.1 Create Timer | Checksum: 16b3e3615

Time (s): cpu = 00:00:22 ; elapsed = 00:00:15 . Memory (MB): peak = 4748.391 ; gain = 0.000

Phase 2.2 Fix Topology Constraints
Phase 2.2 Fix Topology Constraints | Checksum: 16b3e3615

Time (s): cpu = 00:00:22 ; elapsed = 00:00:15 . Memory (MB): peak = 4748.391 ; gain = 0.000

Phase 2.3 Pre Route Cleanup
Phase 2.3 Pre Route Cleanup | Checksum: 16b3e3615

Time (s): cpu = 00:00:22 ; elapsed = 00:00:15 . Memory (MB): peak = 4748.391 ; gain = 0.000

Phase 2.4 Global Clock Net Routing
 Number of Nodes with overlaps = 0
Phase 2.4 Global Clock Net Routing | Checksum: 1bc745e94

Time (s): cpu = 00:00:28 ; elapsed = 00:00:18 . Memory (MB): peak = 4748.391 ; gain = 0.000

Phase 2.5 Update Timing
Phase 2.5 Update Timing | Checksum: 28883c802

Time (s): cpu = 00:00:57 ; elapsed = 00:00:25 . Memory (MB): peak = 4748.391 ; gain = 0.000
INFO: [Route 35-416] Intermediate Timing Summary | WNS=0.201  | TNS=0.000  | WHS=-0.050 | THS=-0.312 |


Phase 2.6 Update Timing for Bus Skew

Phase 2.6.1 Update Timing
Phase 2.6.1 Update Timing | Checksum: 2d9df253a

Time (s): cpu = 00:01:48 ; elapsed = 00:00:36 . Memory (MB): peak = 4748.391 ; gain = 0.000
INFO: [Route 35-416] Intermediate Timing Summary | WNS=0.201  | TNS=0.000  | WHS=N/A    | THS=N/A    |

Phase 2.6 Update Timing for Bus Skew | Checksum: 26661b3e3

Time (s): cpu = 00:01:48 ; elapsed = 00:00:37 . Memory (MB): peak = 4748.391 ; gain = 0.000

Router Utilization Summary
  Global Vertical Routing Utilization    = 0.000120989 %
  Global Horizontal Routing Utilization  = 0.000165739 %
  Routable Net Status*
  *Does not include unroutable nets such as driverless and loadless.
  Run report_route_status for detailed report.
  Number of Failed Nets               = 32267
    (Failed Nets is the sum of unrouted and partially routed nets)
  Number of Unrouted Nets             = 18271
  Number of Partially Routed Nets     = 13996
  Number of Node Overlaps             = 0

Phase 2 Router Initialization | Checksum: 2dc7b928b

Time (s): cpu = 00:01:54 ; elapsed = 00:00:38 . Memory (MB): peak = 4748.391 ; gain = 0.000

Phase 3 Initial Routing

Phase 3.1 Global Routing
Phase 3.1 Global Routing | Checksum: 2dc7b928b

Time (s): cpu = 00:01:54 ; elapsed = 00:00:38 . Memory (MB): peak = 4748.391 ; gain = 0.000
Phase 3 Initial Routing | Checksum: 30350a6a4

Time (s): cpu = 00:02:26 ; elapsed = 00:00:48 . Memory (MB): peak = 4748.391 ; gain = 0.000

INFO: [Route 35-449] Initial Estimated Congestion
 ________________________________________________________________________
|           | Global Congestion | Long Congestion   | Short Congestion  |
|           |___________________|___________________|___________________|
| Direction | Size   | % Tiles  | Size   | % Tiles  | Size   | % Tiles  |
|___________|________|__________|________|__________|________|__________|
|      NORTH|     4x4|      0.08|     4x4|      0.33|     4x4|      0.12|
|___________|________|__________|________|__________|________|__________|
|      SOUTH|     4x4|      0.51|   16x16|      1.34|     4x4|      0.45|
|___________|________|__________|________|__________|________|__________|
|       EAST|     2x2|      0.06|     4x4|      0.15|     4x4|      0.21|
|___________|________|__________|________|__________|________|__________|
|       WEST|     2x2|      0.03|     2x2|      0.01|     4x4|      0.18|
|___________|________|__________|________|__________|________|__________|
Congestion Report
LONG Congestion bounded by tiles (Lower Left Tile -> Upper Right Tile):
SOUTH
	INT_X31Y63->INT_X46Y94 (CLEM_X31Y63->CLEL_R_X46Y94)
	INT_X32Y76->INT_X39Y83 (BRAM_X32Y75->CLEL_R_X39Y83)
	INT_X32Y68->INT_X39Y75 (BRAM_X32Y65->CLEL_R_X39Y75)
	INT_X32Y67->INT_X39Y74 (BRAM_X32Y65->CLEL_R_X39Y74)
	INT_X32Y74->INT_X39Y81 (BRAM_X32Y70->CLEL_R_X39Y81)

Phase 4 Rip-up And Reroute

Phase 4.1 Global Iteration 0
 Number of Nodes with overlaps = 13333
 Number of Nodes with overlaps = 1622
 Number of Nodes with overlaps = 240
 Number of Nodes with overlaps = 27
 Number of Nodes with overlaps = 2
 Number of Nodes with overlaps = 1
 Number of Nodes with overlaps = 1
 Number of Nodes with overlaps = 0
INFO: [Route 35-416] Intermediate Timing Summary | WNS=0.048  | TNS=0.000  | WHS=0.004  | THS=0.000  |

Phase 4.1 Global Iteration 0 | Checksum: 2a38a37ce

Time (s): cpu = 00:06:11 ; elapsed = 00:01:59 . Memory (MB): peak = 4748.391 ; gain = 0.000

Phase 4.2 Global Iteration 1
 Number of Nodes with overlaps = 954
 Number of Nodes with overlaps = 81
 Number of Nodes with overlaps = 24
 Number of Nodes with overlaps = 9
 Number of Nodes with overlaps = 1
 Number of Nodes with overlaps = 0
INFO: [Route 35-416] Intermediate Timing Summary | WNS=0.048  | TNS=0.000  | WHS=N/A    | THS=N/A    |

Phase 4.2 Global Iteration 1 | Checksum: 16a9c31b4

Time (s): cpu = 00:06:44 ; elapsed = 00:02:20 . Memory (MB): peak = 4748.391 ; gain = 0.000
Phase 4 Rip-up And Reroute | Checksum: 16a9c31b4

Time (s): cpu = 00:06:44 ; elapsed = 00:02:20 . Memory (MB): peak = 4748.391 ; gain = 0.000

Phase 5 Delay and Skew Optimization

Phase 5.1 Delay CleanUp
Phase 5.1 Delay CleanUp | Checksum: 1985dbf3e

Time (s): cpu = 00:06:45 ; elapsed = 00:02:21 . Memory (MB): peak = 4748.391 ; gain = 0.000

Phase 5.2 Clock Skew Optimization
Phase 5.2 Clock Skew Optimization | Checksum: 1985dbf3e

Time (s): cpu = 00:06:45 ; elapsed = 00:02:21 . Memory (MB): peak = 4748.391 ; gain = 0.000
Phase 5 Delay and Skew Optimization | Checksum: 1985dbf3e

Time (s): cpu = 00:06:45 ; elapsed = 00:02:21 . Memory (MB): peak = 4748.391 ; gain = 0.000

Phase 6 Post Hold Fix

Phase 6.1 Hold Fix Iter

Phase 6.1.1 Update Timing
Phase 6.1.1 Update Timing | Checksum: 26b752ba0

Time (s): cpu = 00:06:59 ; elapsed = 00:02:26 . Memory (MB): peak = 4748.391 ; gain = 0.000
INFO: [Route 35-416] Intermediate Timing Summary | WNS=0.048  | TNS=0.000  | WHS=0.004  | THS=0.000  |

Phase 6.1 Hold Fix Iter | Checksum: 1a351c610

Time (s): cpu = 00:06:59 ; elapsed = 00:02:26 . Memory (MB): peak = 4748.391 ; gain = 0.000
Phase 6 Post Hold Fix | Checksum: 1a351c610

Time (s): cpu = 00:07:00 ; elapsed = 00:02:26 . Memory (MB): peak = 4748.391 ; gain = 0.000

Phase 7 Route finalize

Router Utilization Summary
  Global Vertical Routing Utilization    = 4.25206 %
  Global Horizontal Routing Utilization  = 3.03357 %
  Routable Net Status*
  *Does not include unroutable nets such as driverless and loadless.
  Run report_route_status for detailed report.
  Number of Failed Nets               = 0
    (Failed Nets is the sum of unrouted and partially routed nets)
  Number of Unrouted Nets             = 0
  Number of Partially Routed Nets     = 0
  Number of Node Overlaps             = 0

Phase 7 Route finalize | Checksum: 225e1f4ba

Time (s): cpu = 00:07:01 ; elapsed = 00:02:27 . Memory (MB): peak = 4748.391 ; gain = 0.000

Phase 8 Verifying routed nets

 Verification completed successfully
Phase 8 Verifying routed nets | Checksum: 225e1f4ba

Time (s): cpu = 00:07:02 ; elapsed = 00:02:27 . Memory (MB): peak = 4748.391 ; gain = 0.000

Phase 9 Depositing Routes
Phase 9 Depositing Routes | Checksum: 225e1f4ba

Time (s): cpu = 00:07:09 ; elapsed = 00:02:35 . Memory (MB): peak = 4748.391 ; gain = 0.000

Phase 10 Resolve XTalk
Phase 10 Resolve XTalk | Checksum: 225e1f4ba

Time (s): cpu = 00:07:10 ; elapsed = 00:02:36 . Memory (MB): peak = 4748.391 ; gain = 0.000

Phase 11 Post Router Timing
INFO: [Route 35-57] Estimated Timing Summary | WNS=0.048  | TNS=0.000  | WHS=0.004  | THS=0.000  |

INFO: [Route 35-327] The final timing numbers are based on the router estimated timing analysis. For a complete and accurate timing signoff, please run report_timing_summary.
Phase 11 Post Router Timing | Checksum: 225e1f4ba

Time (s): cpu = 00:07:13 ; elapsed = 00:02:37 . Memory (MB): peak = 4748.391 ; gain = 0.000
INFO: [Route 35-16] Router Completed Successfully

Time (s): cpu = 00:07:13 ; elapsed = 00:02:37 . Memory (MB): peak = 4748.391 ; gain = 0.000

Routing Is Done.
INFO: [Common 17-83] Releasing license: Implementation
447 Infos, 2134 Warnings, 0 Critical Warnings and 0 Errors encountered.
route_design completed successfully
route_design: Time (s): cpu = 00:07:52 ; elapsed = 00:02:47 . Memory (MB): peak = 4748.391 ; gain = 0.000
INFO: [Common 17-600] The following parameters have non-default value.
general.maxThreads

==========================================
 Writing reports
==========================================
INFO: [Timing 38-480] Writing timing data to binary archive.
Writing placer database...
Writing XDEF routing.
Writing XDEF routing logical nets.
Writing XDEF routing special nets.
Write XDEF Complete: Time (s): cpu = 00:00:15 ; elapsed = 00:00:06 . Memory (MB): peak = 4748.391 ; gain = 0.000
INFO: [Common 17-1381] The checkpoint 'C:/git/aes_engine/aes_offload/imp/vivado_2021.2/checkpoints/post_route.dcp' has been generated.
write_checkpoint: Time (s): cpu = 00:00:32 ; elapsed = 00:00:18 . Memory (MB): peak = 4748.391 ; gain = 0.000
INFO: [Timing 38-91] UpdateTimingParams: Speed grade: -2, Temperature grade: E, Delay Type: min_max.
INFO: [Timing 38-191] Multithreading enabled for timing update using a maximum of 8 CPUs
WARNING: [Timing 38-436] There are set_bus_skew constraint(s) in this design. Please run report_bus_skew to ensure that bus skew requirements are met.
report_timing_summary: Time (s): cpu = 00:00:31 ; elapsed = 00:00:05 . Memory (MB): peak = 4748.391 ; gain = 0.000
INFO: [Timing 38-91] UpdateTimingParams: Speed grade: -2, Temperature grade: E, Delay Type: max.
INFO: [Timing 38-191] Multithreading enabled for timing update using a maximum of 8 CPUs
INFO: [Timing 38-78] ReportTimingParams: -max_paths 100 -nworst 1 -delay_type max -sort_by group.
INFO: [Timing 38-91] UpdateTimingParams: Speed grade: -2, Delay Type: min_max.
INFO: [Timing 38-191] Multithreading enabled for timing update using a maximum of 8 CPUs
INFO: [Timing 38-91] UpdateTimingParams: Speed grade: -2, Temperature grade: E, Delay Type: min_max.
INFO: [Timing 38-191] Multithreading enabled for timing update using a maximum of 8 CPUs
Command: report_methodology -file ../reports/methodology.rpt
INFO: [Timing 38-35] Done setting XDC timing constraints.
INFO: [DRC 23-133] Running Methodology with 8 threads
INFO: [Vivado_Tcl 2-1520] The results of Report Methodology are in file C:/git/aes_engine/aes_offload/imp/vivado_2021.2/reports/methodology.rpt.
report_methodology completed successfully
report_methodology: Time (s): cpu = 00:00:26 ; elapsed = 00:00:08 . Memory (MB): peak = 4748.391 ; gain = 0.000
INFO: [Timing 38-35] Done setting XDC timing constraints.
INFO: [Timing 38-91] UpdateTimingParams: No interconnect No Cell Dly, Speed grade: -2, Temperature grade: E, Delay Type: min_max.
INFO: [Timing 38-191] Multithreading enabled for timing update using a maximum of 8 CPUs
INFO: [Timing 38-314] The report_cdc command only analyzes and reports clock domain crossing paths where clocks have been defined on both source and destination sides. Ports with no input delay constraint are skipped. Please run check_timing to verify there are no missing clock definitions in your design, nor any unconstrained input port.
Command: report_drc -file ../reports/post_imp_drc.rpt
INFO: [IP_Flow 19-1839] IP Catalog is up to date.
INFO: [DRC 23-27] Running DRC with 8 threads
INFO: [Vivado_Tcl 2-168] The results of DRC are in file C:/git/aes_engine/aes_offload/imp/vivado_2021.2/reports/post_imp_drc.rpt.
report_drc completed successfully
report_drc: Time (s): cpu = 00:00:45 ; elapsed = 00:00:13 . Memory (MB): peak = 4748.391 ; gain = 0.000
report_io: Time (s): cpu = 00:00:01 ; elapsed = 00:00:00.268 . Memory (MB): peak = 4748.391 ; gain = 0.000
Generating gt_attributes.rpt
WARNING: [Vivado 12-180] No cells matched 'get_cells -hierarchical -filter {LIB_CELL =~ *GTXE2_CHANNEL*}'.
WARNING: [Vivado 12-180] No cells matched 'get_cells -hierarchical -filter {LIB_CELL =~ *GTHE2_CHANNEL*}'.
WARNING: [Vivado 12-180] No cells matched 'get_cells -hierarchical -filter {LIB_CELL =~ *GTYE3_CHANNEL*}'.
WARNING: [Vivado 12-180] No cells matched 'get_cells -hierarchical -filter {LIB_CELL =~ *GTYE4_CHANNEL*}'.
WARNING: [Vivado 12-180] No cells matched 'get_cells -hierarchical -filter {LIB_CELL =~ *GTHE3_CHANNEL*}'.
WARNING: [Vivado 12-180] No cells matched 'get_cells -hierarchical -filter {LIB_CELL =~ *GTHE4_CHANNEL*}'.
WARNING: [Vivado 12-180] No cells matched 'get_cells -hierarchical -filter {LIB_CELL =~ *GTPE2_CHANNEL*}'.
WARNING: [Vivado 12-180] No cells matched 'get_cells -hierarchical -filter {LIB_CELL =~ *GTM_DUAL*}'.
WARNING: [Vivado 12-180] No cells matched 'get_cells -hierarchical -filter {LIB_CELL =~ *GTXE2_COMMON*}'.
WARNING: [Vivado 12-180] No cells matched 'get_cells -hierarchical -filter {LIB_CELL =~ *GTPE2_COMMON*}'.
WARNING: [Vivado 12-180] No cells matched 'get_cells -hierarchical -filter {LIB_CELL =~ *GTHE2_COMMON*}'.
WARNING: [Vivado 12-180] No cells matched 'get_cells -hierarchical -filter {LIB_CELL =~ *GTYE3_COMMON*}'.
WARNING: [Vivado 12-180] No cells matched 'get_cells -hierarchical -filter {LIB_CELL =~ *GTHE4_COMMON*}'.
WARNING: [Vivado 12-180] No cells matched 'get_cells -hierarchical -filter {LIB_CELL =~ *GTYE4_COMMON*}'.
WARNING: [Vivado 12-180] No cells matched 'get_cells -hierarchical -filter {LIB_CELL =~ *GTYE3_COMMON*}'.
WARNING: [Vivado 12-180] No cells matched 'get_cells -hierarchical -filter {LIB_CELL =~ *GTHE3_COMMON*}'.

