
IPs properties report
=====================

-------------------------------
 aes_engine_key_bram_blk_mem_gen_0_0
-------------------------------
  CONFIG.AXI_ID_Width = 4
  CONFIG.AXI_Slave_Type = Memory_Slave
  CONFIG.AXI_Type = AXI4_Full
  CONFIG.Additional_Inputs_for_Power_Estimation = false
  CONFIG.Algorithm = Minimum_Area
  CONFIG.Assume_Synchronous_Clk = false
  CONFIG.Byte_Size = 9
  CONFIG.CTRL_ECC_ALGO = NONE
  CONFIG.Coe_File = ../../../../../../../init_file/keys_mem_init.coe
  CONFIG.Collision_Warnings = ALL
  CONFIG.Component_Name = aes_engine_key_bram_blk_mem_gen_0_0
  CONFIG.Disable_Collision_Warnings = false
  CONFIG.Disable_Out_of_Range_Warnings = false
  CONFIG.ECC = false
  CONFIG.EN_DEEPSLEEP_PIN = false
  CONFIG.EN_ECC_PIPE = false
  CONFIG.EN_SAFETY_CKT = false
  CONFIG.EN_SHUTDOWN_PIN = false
  CONFIG.EN_SLEEP_PIN = false
  CONFIG.Enable_32bit_Address = false
  CONFIG.Enable_A = Use_ENA_Pin
  CONFIG.Enable_B = Always_Enabled
  CONFIG.Error_Injection_Type = Single_Bit_Error_Injection
  CONFIG.Fill_Remaining_Memory_Locations = false
  CONFIG.Interface_Type = Native
  CONFIG.Load_Init_File = true
  CONFIG.MEM_FILE = NONE
  CONFIG.Memory_Type = Single_Port_RAM
  CONFIG.Operating_Mode_A = WRITE_FIRST
  CONFIG.Operating_Mode_B = WRITE_FIRST
  CONFIG.Output_Reset_Value_A = 0
  CONFIG.Output_Reset_Value_B = 0
  CONFIG.PRIM_type_to_Implement = BRAM
  CONFIG.Pipeline_Stages = 0
  CONFIG.Port_A_Clock = 100
  CONFIG.Port_A_Enable_Rate = 100
  CONFIG.Port_A_Write_Rate = 50
  CONFIG.Port_B_Clock = 0
  CONFIG.Port_B_Enable_Rate = 0
  CONFIG.Port_B_Write_Rate = 0
  CONFIG.Primitive = 8kx2
  CONFIG.RD_ADDR_CHNG_A = false
  CONFIG.RD_ADDR_CHNG_B = false
  CONFIG.READ_LATENCY_A = 1
  CONFIG.READ_LATENCY_B = 1
  CONFIG.Read_Width_A = 256
  CONFIG.Read_Width_B = 256
  CONFIG.Register_PortA_Output_of_Memory_Core = false
  CONFIG.Register_PortA_Output_of_Memory_Primitives = true
  CONFIG.Register_PortB_Output_of_Memory_Core = false
  CONFIG.Register_PortB_Output_of_Memory_Primitives = false
  CONFIG.Remaining_Memory_Locations = 0
  CONFIG.Reset_Memory_Latch_A = false
  CONFIG.Reset_Memory_Latch_B = false
  CONFIG.Reset_Priority_A = CE
  CONFIG.Reset_Priority_B = CE
  CONFIG.Reset_Type = SYNC
  CONFIG.Use_AXI_ID = false
  CONFIG.Use_Byte_Write_Enable = false
  CONFIG.Use_Error_Injection_Pins = false
  CONFIG.Use_REGCEA_Pin = false
  CONFIG.Use_REGCEB_Pin = false
  CONFIG.Use_RSTA_Pin = false
  CONFIG.Use_RSTB_Pin = false
  CONFIG.Write_Depth_A = 1000
  CONFIG.Write_Width_A = 256
  CONFIG.Write_Width_B = 256
  CONFIG.ecctype = No_ECC
  CONFIG.register_porta_input_of_softecc = false
  CONFIG.register_portb_output_of_softecc = false
  CONFIG.softecc = false
  CONFIG.use_bram_block = Stand_Alone

-------------------------------
 clk_wiz_0
-------------------------------
  CONFIG.AUTO_PRIMITIVE = MMCM
  CONFIG.AXI_DRP = false
  CONFIG.CALC_DONE = empty
  CONFIG.CDDCDONE_PORT = cddcdone
  CONFIG.CDDCREQ_PORT = cddcreq
  CONFIG.CLKFB_IN_N_PORT = clkfb_in_n
  CONFIG.CLKFB_IN_PORT = clkfb_in
  CONFIG.CLKFB_IN_P_PORT = clkfb_in_p
  CONFIG.CLKFB_IN_SIGNALING = SINGLE
  CONFIG.CLKFB_OUT_N_PORT = clkfb_out_n
  CONFIG.CLKFB_OUT_PORT = clkfb_out
  CONFIG.CLKFB_OUT_P_PORT = clkfb_out_p
  CONFIG.CLKFB_STOPPED_PORT = clkfb_stopped
  CONFIG.CLKIN1_JITTER_PS = 80.0
  CONFIG.CLKIN1_UI_JITTER = 0.010
  CONFIG.CLKIN2_JITTER_PS = 100.0
  CONFIG.CLKIN2_UI_JITTER = 0.010
  CONFIG.CLKOUT1_DRIVES = Buffer
  CONFIG.CLKOUT1_JITTER = 146.303
  CONFIG.CLKOUT1_MATCHED_ROUTING = false
  CONFIG.CLKOUT1_PHASE_ERROR = 222.305
  CONFIG.CLKOUT1_REQUESTED_DUTY_CYCLE = 50.000
  CONFIG.CLKOUT1_REQUESTED_OUT_FREQ = 400
  CONFIG.CLKOUT1_REQUESTED_PHASE = 0.000
  CONFIG.CLKOUT1_SEQUENCE_NUMBER = 1
  CONFIG.CLKOUT1_USED = true
  CONFIG.CLKOUT2_DRIVES = Buffer
  CONFIG.CLKOUT2_JITTER = 0.0
  CONFIG.CLKOUT2_MATCHED_ROUTING = false
  CONFIG.CLKOUT2_PHASE_ERROR = 0.0
  CONFIG.CLKOUT2_REQUESTED_DUTY_CYCLE = 50.000
  CONFIG.CLKOUT2_REQUESTED_OUT_FREQ = 100.000
  CONFIG.CLKOUT2_REQUESTED_PHASE = 0.000
  CONFIG.CLKOUT2_SEQUENCE_NUMBER = 1
  CONFIG.CLKOUT2_USED = false
  CONFIG.CLKOUT3_DRIVES = Buffer
  CONFIG.CLKOUT3_JITTER = 0.0
  CONFIG.CLKOUT3_MATCHED_ROUTING = false
  CONFIG.CLKOUT3_PHASE_ERROR = 0.0
  CONFIG.CLKOUT3_REQUESTED_DUTY_CYCLE = 50.000
  CONFIG.CLKOUT3_REQUESTED_OUT_FREQ = 100.000
  CONFIG.CLKOUT3_REQUESTED_PHASE = 0.000
  CONFIG.CLKOUT3_SEQUENCE_NUMBER = 1
  CONFIG.CLKOUT3_USED = false
  CONFIG.CLKOUT4_DRIVES = Buffer
  CONFIG.CLKOUT4_JITTER = 0.0
  CONFIG.CLKOUT4_MATCHED_ROUTING = false
  CONFIG.CLKOUT4_PHASE_ERROR = 0.0
  CONFIG.CLKOUT4_REQUESTED_DUTY_CYCLE = 50.000
  CONFIG.CLKOUT4_REQUESTED_OUT_FREQ = 100.000
  CONFIG.CLKOUT4_REQUESTED_PHASE = 0.000
  CONFIG.CLKOUT4_SEQUENCE_NUMBER = 1
  CONFIG.CLKOUT4_USED = false
  CONFIG.CLKOUT5_DRIVES = Buffer
  CONFIG.CLKOUT5_JITTER = 0.0
  CONFIG.CLKOUT5_MATCHED_ROUTING = false
  CONFIG.CLKOUT5_PHASE_ERROR = 0.0
  CONFIG.CLKOUT5_REQUESTED_DUTY_CYCLE = 50.000
  CONFIG.CLKOUT5_REQUESTED_OUT_FREQ = 100.000
  CONFIG.CLKOUT5_REQUESTED_PHASE = 0.000
  CONFIG.CLKOUT5_SEQUENCE_NUMBER = 1
  CONFIG.CLKOUT5_USED = false
  CONFIG.CLKOUT6_DRIVES = Buffer
  CONFIG.CLKOUT6_JITTER = 0.0
  CONFIG.CLKOUT6_MATCHED_ROUTING = false
  CONFIG.CLKOUT6_PHASE_ERROR = 0.0
  CONFIG.CLKOUT6_REQUESTED_DUTY_CYCLE = 50.000
  CONFIG.CLKOUT6_REQUESTED_OUT_FREQ = 100.000
  CONFIG.CLKOUT6_REQUESTED_PHASE = 0.000
  CONFIG.CLKOUT6_SEQUENCE_NUMBER = 1
  CONFIG.CLKOUT6_USED = false
  CONFIG.CLKOUT7_DRIVES = Buffer
  CONFIG.CLKOUT7_JITTER = 0.0
  CONFIG.CLKOUT7_MATCHED_ROUTING = false
  CONFIG.CLKOUT7_PHASE_ERROR = 0.0
  CONFIG.CLKOUT7_REQUESTED_DUTY_CYCLE = 50.000
  CONFIG.CLKOUT7_REQUESTED_OUT_FREQ = 100.000
  CONFIG.CLKOUT7_REQUESTED_PHASE = 0.000
  CONFIG.CLKOUT7_SEQUENCE_NUMBER = 1
  CONFIG.CLKOUT7_USED = false
  CONFIG.CLKOUTPHY_REQUESTED_FREQ = 600.000
  CONFIG.CLK_IN1_BOARD_INTERFACE = Custom
  CONFIG.CLK_IN2_BOARD_INTERFACE = Custom
  CONFIG.CLK_IN_SEL_PORT = clk_in_sel
  CONFIG.CLK_OUT1_PORT = clk_out1
  CONFIG.CLK_OUT1_USE_FINE_PS_GUI = false
  CONFIG.CLK_OUT2_PORT = clk_out2
  CONFIG.CLK_OUT2_USE_FINE_PS_GUI = false
  CONFIG.CLK_OUT3_PORT = clk_out3
  CONFIG.CLK_OUT3_USE_FINE_PS_GUI = false
  CONFIG.CLK_OUT4_PORT = clk_out4
  CONFIG.CLK_OUT4_USE_FINE_PS_GUI = false
  CONFIG.CLK_OUT5_PORT = clk_out5
  CONFIG.CLK_OUT5_USE_FINE_PS_GUI = false
  CONFIG.CLK_OUT6_PORT = clk_out6
  CONFIG.CLK_OUT6_USE_FINE_PS_GUI = false
  CONFIG.CLK_OUT7_PORT = clk_out7
  CONFIG.CLK_OUT7_USE_FINE_PS_GUI = false
  CONFIG.CLK_VALID_PORT = CLK_VALID
  CONFIG.CLOCK_MGR_TYPE = auto
  CONFIG.Component_Name = clk_wiz_0
  CONFIG.DADDR_PORT = daddr
  CONFIG.DCLK_PORT = dclk
  CONFIG.DEN_PORT = den
  CONFIG.DIFF_CLK_IN1_BOARD_INTERFACE = Custom
  CONFIG.DIFF_CLK_IN2_BOARD_INTERFACE = Custom
  CONFIG.DIN_PORT = din
  CONFIG.DOUT_PORT = dout
  CONFIG.DRDY_PORT = drdy
  CONFIG.DWE_PORT = dwe
  CONFIG.ENABLE_CDDC = false
  CONFIG.ENABLE_CLKOUTPHY = false
  CONFIG.ENABLE_CLOCK_MONITOR = false
  CONFIG.ENABLE_USER_CLOCK0 = false
  CONFIG.ENABLE_USER_CLOCK1 = false
  CONFIG.ENABLE_USER_CLOCK2 = false
  CONFIG.ENABLE_USER_CLOCK3 = false
  CONFIG.Enable_PLL0 = false
  CONFIG.Enable_PLL1 = false
  CONFIG.FEEDBACK_SOURCE = FDBK_AUTO
  CONFIG.INPUT_CLK_STOPPED_PORT = input_clk_stopped
  CONFIG.INPUT_MODE = frequency
  CONFIG.INTERFACE_SELECTION = Enable_AXI
  CONFIG.IN_FREQ_UNITS = Units_MHz
  CONFIG.IN_JITTER_UNITS = Units_UI
  CONFIG.JITTER_OPTIONS = UI
  CONFIG.JITTER_SEL = No_Jitter
  CONFIG.LOCKED_PORT = locked
  CONFIG.MMCM_BANDWIDTH = OPTIMIZED
  CONFIG.MMCM_CLKFBOUT_MULT_F = 48.000
  CONFIG.MMCM_CLKFBOUT_PHASE = 0.000
  CONFIG.MMCM_CLKFBOUT_USE_FINE_PS = false
  CONFIG.MMCM_CLKIN1_PERIOD = 8.000
  CONFIG.MMCM_CLKIN2_PERIOD = 10.000
  CONFIG.MMCM_CLKOUT0_DIVIDE_F = 3.000
  CONFIG.MMCM_CLKOUT0_DUTY_CYCLE = 0.500
  CONFIG.MMCM_CLKOUT0_PHASE = 0.000
  CONFIG.MMCM_CLKOUT0_USE_FINE_PS = false
  CONFIG.MMCM_CLKOUT1_DIVIDE = 1
  CONFIG.MMCM_CLKOUT1_DUTY_CYCLE = 0.500
  CONFIG.MMCM_CLKOUT1_PHASE = 0.000
  CONFIG.MMCM_CLKOUT1_USE_FINE_PS = false
  CONFIG.MMCM_CLKOUT2_DIVIDE = 1
  CONFIG.MMCM_CLKOUT2_DUTY_CYCLE = 0.500
  CONFIG.MMCM_CLKOUT2_PHASE = 0.000
  CONFIG.MMCM_CLKOUT2_USE_FINE_PS = false
  CONFIG.MMCM_CLKOUT3_DIVIDE = 1
  CONFIG.MMCM_CLKOUT3_DUTY_CYCLE = 0.500
  CONFIG.MMCM_CLKOUT3_PHASE = 0.000
  CONFIG.MMCM_CLKOUT3_USE_FINE_PS = false
  CONFIG.MMCM_CLKOUT4_CASCADE = false
  CONFIG.MMCM_CLKOUT4_DIVIDE = 1
  CONFIG.MMCM_CLKOUT4_DUTY_CYCLE = 0.500
  CONFIG.MMCM_CLKOUT4_PHASE = 0.000
  CONFIG.MMCM_CLKOUT4_USE_FINE_PS = false
  CONFIG.MMCM_CLKOUT5_DIVIDE = 1
  CONFIG.MMCM_CLKOUT5_DUTY_CYCLE = 0.500
  CONFIG.MMCM_CLKOUT5_PHASE = 0.000
  CONFIG.MMCM_CLKOUT5_USE_FINE_PS = false
  CONFIG.MMCM_CLKOUT6_DIVIDE = 1
  CONFIG.MMCM_CLKOUT6_DUTY_CYCLE = 0.500
  CONFIG.MMCM_CLKOUT6_PHASE = 0.000
  CONFIG.MMCM_CLKOUT6_USE_FINE_PS = false
  CONFIG.MMCM_CLOCK_HOLD = false
  CONFIG.MMCM_COMPENSATION = AUTO
  CONFIG.MMCM_DIVCLK_DIVIDE = 5
  CONFIG.MMCM_NOTES = None
  CONFIG.MMCM_REF_JITTER1 = 0.010
  CONFIG.MMCM_REF_JITTER2 = 0.010
  CONFIG.MMCM_STARTUP_WAIT = false
  CONFIG.NUM_OUT_CLKS = 1
  CONFIG.OPTIMIZE_CLOCKING_STRUCTURE_EN = false
  CONFIG.OVERRIDE_MMCM = false
  CONFIG.OVERRIDE_PLL = false
  CONFIG.PHASESHIFT_MODE = LATENCY
  CONFIG.PHASE_DUTY_CONFIG = false
  CONFIG.PLATFORM = UNKNOWN
  CONFIG.PLL_BANDWIDTH = OPTIMIZED
  CONFIG.PLL_CLKFBOUT_MULT = 4
  CONFIG.PLL_CLKFBOUT_PHASE = 0.000
  CONFIG.PLL_CLKIN_PERIOD = 10.000
  CONFIG.PLL_CLKOUT0_DIVIDE = 1
  CONFIG.PLL_CLKOUT0_DUTY_CYCLE = 0.500
  CONFIG.PLL_CLKOUT0_PHASE = 0.000
  CONFIG.PLL_CLKOUT1_DIVIDE = 1
  CONFIG.PLL_CLKOUT1_DUTY_CYCLE = 0.500
  CONFIG.PLL_CLKOUT1_PHASE = 0.000
  CONFIG.PLL_CLKOUT2_DIVIDE = 1
  CONFIG.PLL_CLKOUT2_DUTY_CYCLE = 0.500
  CONFIG.PLL_CLKOUT2_PHASE = 0.000
  CONFIG.PLL_CLKOUT3_DIVIDE = 1
  CONFIG.PLL_CLKOUT3_DUTY_CYCLE = 0.500
  CONFIG.PLL_CLKOUT3_PHASE = 0.000
  CONFIG.PLL_CLKOUT4_DIVIDE = 1
  CONFIG.PLL_CLKOUT4_DUTY_CYCLE = 0.500
  CONFIG.PLL_CLKOUT4_PHASE = 0.000
  CONFIG.PLL_CLKOUT5_DIVIDE = 1
  CONFIG.PLL_CLKOUT5_DUTY_CYCLE = 0.500
  CONFIG.PLL_CLKOUT5_PHASE = 0.000
  CONFIG.PLL_CLK_FEEDBACK = CLKFBOUT
  CONFIG.PLL_COMPENSATION = SYSTEM_SYNCHRONOUS
  CONFIG.PLL_DIVCLK_DIVIDE = 1
  CONFIG.PLL_NOTES = None
  CONFIG.PLL_REF_JITTER = 0.010
  CONFIG.POWER_DOWN_PORT = power_down
  CONFIG.PRECISION = 1
  CONFIG.PRIMARY_PORT = clk_in1
  CONFIG.PRIMITIVE = MMCM
  CONFIG.PRIMTYPE_SEL = mmcm_adv
  CONFIG.PRIM_IN_FREQ = 125
  CONFIG.PRIM_IN_JITTER = 0.010
  CONFIG.PRIM_IN_TIMEPERIOD = 10.000
  CONFIG.PRIM_SOURCE = Single_ended_clock_capable_pin
  CONFIG.PSCLK_PORT = psclk
  CONFIG.PSDONE_PORT = psdone
  CONFIG.PSEN_PORT = psen
  CONFIG.PSINCDEC_PORT = psincdec
  CONFIG.REF_CLK_FREQ = 100.0
  CONFIG.RELATIVE_INCLK = REL_PRIMARY
  CONFIG.RESET_BOARD_INTERFACE = Custom
  CONFIG.RESET_PORT = reset
  CONFIG.RESET_TYPE = ACTIVE_HIGH
  CONFIG.SECONDARY_IN_FREQ = 100.000
  CONFIG.SECONDARY_IN_JITTER = 0.010
  CONFIG.SECONDARY_IN_TIMEPERIOD = 10.000
  CONFIG.SECONDARY_PORT = clk_in2
  CONFIG.SECONDARY_SOURCE = Single_ended_clock_capable_pin
  CONFIG.SS_MODE = CENTER_HIGH
  CONFIG.SS_MOD_FREQ = 250
  CONFIG.SS_MOD_TIME = 0.004
  CONFIG.STATUS_PORT = STATUS
  CONFIG.SUMMARY_STRINGS = empty
  CONFIG.USER_CLK_FREQ0 = 100.0
  CONFIG.USER_CLK_FREQ1 = 100.0
  CONFIG.USER_CLK_FREQ2 = 100.0
  CONFIG.USER_CLK_FREQ3 = 100.0
  CONFIG.USE_BOARD_FLOW = false
  CONFIG.USE_CLKFB_STOPPED = false
  CONFIG.USE_CLK_VALID = false
  CONFIG.USE_CLOCK_SEQUENCING = false
  CONFIG.USE_DYN_PHASE_SHIFT = false
  CONFIG.USE_DYN_RECONFIG = false
  CONFIG.USE_FREEZE = false
  CONFIG.USE_FREQ_SYNTH = true
  CONFIG.USE_INCLK_STOPPED = false
  CONFIG.USE_INCLK_SWITCHOVER = false
  CONFIG.USE_LOCKED = false
  CONFIG.USE_MAX_I_JITTER = false
  CONFIG.USE_MIN_O_JITTER = false
  CONFIG.USE_MIN_POWER = false
  CONFIG.USE_PHASE_ALIGNMENT = false
  CONFIG.USE_POWER_DOWN = false
  CONFIG.USE_RESET = true
  CONFIG.USE_SAFE_CLOCK_STARTUP = false
  CONFIG.USE_SPREAD_SPECTRUM = false
  CONFIG.USE_STATUS = false

-------------------------------
 vio_0
-------------------------------
  CONFIG.C_EN_PROBE_IN_ACTIVITY = 1
  CONFIG.C_EN_SYNCHRONIZATION = 1
  CONFIG.C_NUM_PROBE_IN = 5
  CONFIG.C_NUM_PROBE_OUT = 6
  CONFIG.C_PROBE_IN0_WIDTH = 128
  CONFIG.C_PROBE_IN1_WIDTH = 16
  CONFIG.C_PROBE_IN2_WIDTH = 1
  CONFIG.C_PROBE_IN3_WIDTH = 1
  CONFIG.C_PROBE_IN4_WIDTH = 1
  CONFIG.C_PROBE_IN5_WIDTH = 1
  CONFIG.C_PROBE_IN6_WIDTH = 1
  CONFIG.C_PROBE_IN7_WIDTH = 1
  CONFIG.C_PROBE_IN8_WIDTH = 1
  CONFIG.C_PROBE_IN9_WIDTH = 1
  CONFIG.C_PROBE_IN10_WIDTH = 1
  CONFIG.C_PROBE_IN11_WIDTH = 1
  CONFIG.C_PROBE_IN12_WIDTH = 1
  CONFIG.C_PROBE_IN13_WIDTH = 1
  CONFIG.C_PROBE_IN14_WIDTH = 1
  CONFIG.C_PROBE_IN15_WIDTH = 1
  CONFIG.C_PROBE_IN16_WIDTH = 1
  CONFIG.C_PROBE_IN17_WIDTH = 1
  CONFIG.C_PROBE_IN18_WIDTH = 1
  CONFIG.C_PROBE_IN19_WIDTH = 1
  CONFIG.C_PROBE_IN20_WIDTH = 1
  CONFIG.C_PROBE_IN21_WIDTH = 1
  CONFIG.C_PROBE_IN22_WIDTH = 1
  CONFIG.C_PROBE_IN23_WIDTH = 1
  CONFIG.C_PROBE_IN24_WIDTH = 1
  CONFIG.C_PROBE_IN25_WIDTH = 1
  CONFIG.C_PROBE_IN26_WIDTH = 1
  CONFIG.C_PROBE_IN27_WIDTH = 1
  CONFIG.C_PROBE_IN28_WIDTH = 1
  CONFIG.C_PROBE_IN29_WIDTH = 1
  CONFIG.C_PROBE_IN30_WIDTH = 1
  CONFIG.C_PROBE_IN31_WIDTH = 1
  CONFIG.C_PROBE_IN32_WIDTH = 1
  CONFIG.C_PROBE_IN33_WIDTH = 1
  CONFIG.C_PROBE_IN34_WIDTH = 1
  CONFIG.C_PROBE_IN35_WIDTH = 1
  CONFIG.C_PROBE_IN36_WIDTH = 1
  CONFIG.C_PROBE_IN37_WIDTH = 1
  CONFIG.C_PROBE_IN38_WIDTH = 1
  CONFIG.C_PROBE_IN39_WIDTH = 1
  CONFIG.C_PROBE_IN40_WIDTH = 1
  CONFIG.C_PROBE_IN41_WIDTH = 1
  CONFIG.C_PROBE_IN42_WIDTH = 1
  CONFIG.C_PROBE_IN43_WIDTH = 1
  CONFIG.C_PROBE_IN44_WIDTH = 1
  CONFIG.C_PROBE_IN45_WIDTH = 1
  CONFIG.C_PROBE_IN46_WIDTH = 1
  CONFIG.C_PROBE_IN47_WIDTH = 1
  CONFIG.C_PROBE_IN48_WIDTH = 1
  CONFIG.C_PROBE_IN49_WIDTH = 1
  CONFIG.C_PROBE_IN50_WIDTH = 1
  CONFIG.C_PROBE_IN51_WIDTH = 1
  CONFIG.C_PROBE_IN52_WIDTH = 1
  CONFIG.C_PROBE_IN53_WIDTH = 1
  CONFIG.C_PROBE_IN54_WIDTH = 1
  CONFIG.C_PROBE_IN55_WIDTH = 1
  CONFIG.C_PROBE_IN56_WIDTH = 1
  CONFIG.C_PROBE_IN57_WIDTH = 1
  CONFIG.C_PROBE_IN58_WIDTH = 1
  CONFIG.C_PROBE_IN59_WIDTH = 1
  CONFIG.C_PROBE_IN60_WIDTH = 1
  CONFIG.C_PROBE_IN61_WIDTH = 1
  CONFIG.C_PROBE_IN62_WIDTH = 1
  CONFIG.C_PROBE_IN63_WIDTH = 1
  CONFIG.C_PROBE_IN64_WIDTH = 1
  CONFIG.C_PROBE_IN65_WIDTH = 1
  CONFIG.C_PROBE_IN66_WIDTH = 1
  CONFIG.C_PROBE_IN67_WIDTH = 1
  CONFIG.C_PROBE_IN68_WIDTH = 1
  CONFIG.C_PROBE_IN69_WIDTH = 1
  CONFIG.C_PROBE_IN70_WIDTH = 1
  CONFIG.C_PROBE_IN71_WIDTH = 1
  CONFIG.C_PROBE_IN72_WIDTH = 1
  CONFIG.C_PROBE_IN73_WIDTH = 1
  CONFIG.C_PROBE_IN74_WIDTH = 1
  CONFIG.C_PROBE_IN75_WIDTH = 1
  CONFIG.C_PROBE_IN76_WIDTH = 1
  CONFIG.C_PROBE_IN77_WIDTH = 1
  CONFIG.C_PROBE_IN78_WIDTH = 1
  CONFIG.C_PROBE_IN79_WIDTH = 1
  CONFIG.C_PROBE_IN80_WIDTH = 1
  CONFIG.C_PROBE_IN81_WIDTH = 1
  CONFIG.C_PROBE_IN82_WIDTH = 1
  CONFIG.C_PROBE_IN83_WIDTH = 1
  CONFIG.C_PROBE_IN84_WIDTH = 1
  CONFIG.C_PROBE_IN85_WIDTH = 1
  CONFIG.C_PROBE_IN86_WIDTH = 1
  CONFIG.C_PROBE_IN87_WIDTH = 1
  CONFIG.C_PROBE_IN88_WIDTH = 1
  CONFIG.C_PROBE_IN89_WIDTH = 1
  CONFIG.C_PROBE_IN90_WIDTH = 1
  CONFIG.C_PROBE_IN91_WIDTH = 1
  CONFIG.C_PROBE_IN92_WIDTH = 1
  CONFIG.C_PROBE_IN93_WIDTH = 1
  CONFIG.C_PROBE_IN94_WIDTH = 1
  CONFIG.C_PROBE_IN95_WIDTH = 1
  CONFIG.C_PROBE_IN96_WIDTH = 1
  CONFIG.C_PROBE_IN97_WIDTH = 1
  CONFIG.C_PROBE_IN98_WIDTH = 1
  CONFIG.C_PROBE_IN99_WIDTH = 1
  CONFIG.C_PROBE_IN100_WIDTH = 1
  CONFIG.C_PROBE_IN101_WIDTH = 1
  CONFIG.C_PROBE_IN102_WIDTH = 1
  CONFIG.C_PROBE_IN103_WIDTH = 1
  CONFIG.C_PROBE_IN104_WIDTH = 1
  CONFIG.C_PROBE_IN105_WIDTH = 1
  CONFIG.C_PROBE_IN106_WIDTH = 1
  CONFIG.C_PROBE_IN107_WIDTH = 1
  CONFIG.C_PROBE_IN108_WIDTH = 1
  CONFIG.C_PROBE_IN109_WIDTH = 1
  CONFIG.C_PROBE_IN110_WIDTH = 1
  CONFIG.C_PROBE_IN111_WIDTH = 1
  CONFIG.C_PROBE_IN112_WIDTH = 1
  CONFIG.C_PROBE_IN113_WIDTH = 1
  CONFIG.C_PROBE_IN114_WIDTH = 1
  CONFIG.C_PROBE_IN115_WIDTH = 1
  CONFIG.C_PROBE_IN116_WIDTH = 1
  CONFIG.C_PROBE_IN117_WIDTH = 1
  CONFIG.C_PROBE_IN118_WIDTH = 1
  CONFIG.C_PROBE_IN119_WIDTH = 1
  CONFIG.C_PROBE_IN120_WIDTH = 1
  CONFIG.C_PROBE_IN121_WIDTH = 1
  CONFIG.C_PROBE_IN122_WIDTH = 1
  CONFIG.C_PROBE_IN123_WIDTH = 1
  CONFIG.C_PROBE_IN124_WIDTH = 1
  CONFIG.C_PROBE_IN125_WIDTH = 1
  CONFIG.C_PROBE_IN126_WIDTH = 1
  CONFIG.C_PROBE_IN127_WIDTH = 1
  CONFIG.C_PROBE_IN128_WIDTH = 1
  CONFIG.C_PROBE_IN129_WIDTH = 1
  CONFIG.C_PROBE_IN130_WIDTH = 1
  CONFIG.C_PROBE_IN131_WIDTH = 1
  CONFIG.C_PROBE_IN132_WIDTH = 1
  CONFIG.C_PROBE_IN133_WIDTH = 1
  CONFIG.C_PROBE_IN134_WIDTH = 1
  CONFIG.C_PROBE_IN135_WIDTH = 1
  CONFIG.C_PROBE_IN136_WIDTH = 1
  CONFIG.C_PROBE_IN137_WIDTH = 1
  CONFIG.C_PROBE_IN138_WIDTH = 1
  CONFIG.C_PROBE_IN139_WIDTH = 1
  CONFIG.C_PROBE_IN140_WIDTH = 1
  CONFIG.C_PROBE_IN141_WIDTH = 1
  CONFIG.C_PROBE_IN142_WIDTH = 1
  CONFIG.C_PROBE_IN143_WIDTH = 1
  CONFIG.C_PROBE_IN144_WIDTH = 1
  CONFIG.C_PROBE_IN145_WIDTH = 1
  CONFIG.C_PROBE_IN146_WIDTH = 1
  CONFIG.C_PROBE_IN147_WIDTH = 1
  CONFIG.C_PROBE_IN148_WIDTH = 1
  CONFIG.C_PROBE_IN149_WIDTH = 1
  CONFIG.C_PROBE_IN150_WIDTH = 1
  CONFIG.C_PROBE_IN151_WIDTH = 1
  CONFIG.C_PROBE_IN152_WIDTH = 1
  CONFIG.C_PROBE_IN153_WIDTH = 1
  CONFIG.C_PROBE_IN154_WIDTH = 1
  CONFIG.C_PROBE_IN155_WIDTH = 1
  CONFIG.C_PROBE_IN156_WIDTH = 1
  CONFIG.C_PROBE_IN157_WIDTH = 1
  CONFIG.C_PROBE_IN158_WIDTH = 1
  CONFIG.C_PROBE_IN159_WIDTH = 1
  CONFIG.C_PROBE_IN160_WIDTH = 1
  CONFIG.C_PROBE_IN161_WIDTH = 1
  CONFIG.C_PROBE_IN162_WIDTH = 1
  CONFIG.C_PROBE_IN163_WIDTH = 1
  CONFIG.C_PROBE_IN164_WIDTH = 1
  CONFIG.C_PROBE_IN165_WIDTH = 1
  CONFIG.C_PROBE_IN166_WIDTH = 1
  CONFIG.C_PROBE_IN167_WIDTH = 1
  CONFIG.C_PROBE_IN168_WIDTH = 1
  CONFIG.C_PROBE_IN169_WIDTH = 1
  CONFIG.C_PROBE_IN170_WIDTH = 1
  CONFIG.C_PROBE_IN171_WIDTH = 1
  CONFIG.C_PROBE_IN172_WIDTH = 1
  CONFIG.C_PROBE_IN173_WIDTH = 1
  CONFIG.C_PROBE_IN174_WIDTH = 1
  CONFIG.C_PROBE_IN175_WIDTH = 1
  CONFIG.C_PROBE_IN176_WIDTH = 1
  CONFIG.C_PROBE_IN177_WIDTH = 1
  CONFIG.C_PROBE_IN178_WIDTH = 1
  CONFIG.C_PROBE_IN179_WIDTH = 1
  CONFIG.C_PROBE_IN180_WIDTH = 1
  CONFIG.C_PROBE_IN181_WIDTH = 1
  CONFIG.C_PROBE_IN182_WIDTH = 1
  CONFIG.C_PROBE_IN183_WIDTH = 1
  CONFIG.C_PROBE_IN184_WIDTH = 1
  CONFIG.C_PROBE_IN185_WIDTH = 1
  CONFIG.C_PROBE_IN186_WIDTH = 1
  CONFIG.C_PROBE_IN187_WIDTH = 1
  CONFIG.C_PROBE_IN188_WIDTH = 1
  CONFIG.C_PROBE_IN189_WIDTH = 1
  CONFIG.C_PROBE_IN190_WIDTH = 1
  CONFIG.C_PROBE_IN191_WIDTH = 1
  CONFIG.C_PROBE_IN192_WIDTH = 1
  CONFIG.C_PROBE_IN193_WIDTH = 1
  CONFIG.C_PROBE_IN194_WIDTH = 1
  CONFIG.C_PROBE_IN195_WIDTH = 1
  CONFIG.C_PROBE_IN196_WIDTH = 1
  CONFIG.C_PROBE_IN197_WIDTH = 1
  CONFIG.C_PROBE_IN198_WIDTH = 1
  CONFIG.C_PROBE_IN199_WIDTH = 1
  CONFIG.C_PROBE_IN200_WIDTH = 1
  CONFIG.C_PROBE_IN201_WIDTH = 1
  CONFIG.C_PROBE_IN202_WIDTH = 1
  CONFIG.C_PROBE_IN203_WIDTH = 1
  CONFIG.C_PROBE_IN204_WIDTH = 1
  CONFIG.C_PROBE_IN205_WIDTH = 1
  CONFIG.C_PROBE_IN206_WIDTH = 1
  CONFIG.C_PROBE_IN207_WIDTH = 1
  CONFIG.C_PROBE_IN208_WIDTH = 1
  CONFIG.C_PROBE_IN209_WIDTH = 1
  CONFIG.C_PROBE_IN210_WIDTH = 1
  CONFIG.C_PROBE_IN211_WIDTH = 1
  CONFIG.C_PROBE_IN212_WIDTH = 1
  CONFIG.C_PROBE_IN213_WIDTH = 1
  CONFIG.C_PROBE_IN214_WIDTH = 1
  CONFIG.C_PROBE_IN215_WIDTH = 1
  CONFIG.C_PROBE_IN216_WIDTH = 1
  CONFIG.C_PROBE_IN217_WIDTH = 1
  CONFIG.C_PROBE_IN218_WIDTH = 1
  CONFIG.C_PROBE_IN219_WIDTH = 1
  CONFIG.C_PROBE_IN220_WIDTH = 1
  CONFIG.C_PROBE_IN221_WIDTH = 1
  CONFIG.C_PROBE_IN222_WIDTH = 1
  CONFIG.C_PROBE_IN223_WIDTH = 1
  CONFIG.C_PROBE_IN224_WIDTH = 1
  CONFIG.C_PROBE_IN225_WIDTH = 1
  CONFIG.C_PROBE_IN226_WIDTH = 1
  CONFIG.C_PROBE_IN227_WIDTH = 1
  CONFIG.C_PROBE_IN228_WIDTH = 1
  CONFIG.C_PROBE_IN229_WIDTH = 1
  CONFIG.C_PROBE_IN230_WIDTH = 1
  CONFIG.C_PROBE_IN231_WIDTH = 1
  CONFIG.C_PROBE_IN232_WIDTH = 1
  CONFIG.C_PROBE_IN233_WIDTH = 1
  CONFIG.C_PROBE_IN234_WIDTH = 1
  CONFIG.C_PROBE_IN235_WIDTH = 1
  CONFIG.C_PROBE_IN236_WIDTH = 1
  CONFIG.C_PROBE_IN237_WIDTH = 1
  CONFIG.C_PROBE_IN238_WIDTH = 1
  CONFIG.C_PROBE_IN239_WIDTH = 1
  CONFIG.C_PROBE_IN240_WIDTH = 1
  CONFIG.C_PROBE_IN241_WIDTH = 1
  CONFIG.C_PROBE_IN242_WIDTH = 1
  CONFIG.C_PROBE_IN243_WIDTH = 1
  CONFIG.C_PROBE_IN244_WIDTH = 1
  CONFIG.C_PROBE_IN245_WIDTH = 1
  CONFIG.C_PROBE_IN246_WIDTH = 1
  CONFIG.C_PROBE_IN247_WIDTH = 1
  CONFIG.C_PROBE_IN248_WIDTH = 1
  CONFIG.C_PROBE_IN249_WIDTH = 1
  CONFIG.C_PROBE_IN250_WIDTH = 1
  CONFIG.C_PROBE_IN251_WIDTH = 1
  CONFIG.C_PROBE_IN252_WIDTH = 1
  CONFIG.C_PROBE_IN253_WIDTH = 1
  CONFIG.C_PROBE_IN254_WIDTH = 1
  CONFIG.C_PROBE_IN255_WIDTH = 1
  CONFIG.C_PROBE_OUT0_INIT_VAL = 0x0
  CONFIG.C_PROBE_OUT0_WIDTH = 128
  CONFIG.C_PROBE_OUT1_INIT_VAL = 0x0
  CONFIG.C_PROBE_OUT1_WIDTH = 16
  CONFIG.C_PROBE_OUT2_INIT_VAL = 0x0
  CONFIG.C_PROBE_OUT2_WIDTH = 10
  CONFIG.C_PROBE_OUT3_INIT_VAL = 0x0
  CONFIG.C_PROBE_OUT3_WIDTH = 1
  CONFIG.C_PROBE_OUT4_INIT_VAL = 0x0
  CONFIG.C_PROBE_OUT4_WIDTH = 1
  CONFIG.C_PROBE_OUT5_INIT_VAL = 0x0
  CONFIG.C_PROBE_OUT5_WIDTH = 1
  CONFIG.C_PROBE_OUT6_INIT_VAL = 0x0
  CONFIG.C_PROBE_OUT6_WIDTH = 1
  CONFIG.C_PROBE_OUT7_INIT_VAL = 0x0
  CONFIG.C_PROBE_OUT7_WIDTH = 1
  CONFIG.C_PROBE_OUT8_INIT_VAL = 0x0
  CONFIG.C_PROBE_OUT8_WIDTH = 1
  CONFIG.C_PROBE_OUT9_INIT_VAL = 0x0
  CONFIG.C_PROBE_OUT9_WIDTH = 1
  CONFIG.C_PROBE_OUT10_INIT_VAL = 0x0
  CONFIG.C_PROBE_OUT10_WIDTH = 1
  CONFIG.C_PROBE_OUT11_INIT_VAL = 0x0
  CONFIG.C_PROBE_OUT11_WIDTH = 1
  CONFIG.C_PROBE_OUT12_INIT_VAL = 0x0
  CONFIG.C_PROBE_OUT12_WIDTH = 1
  CONFIG.C_PROBE_OUT13_INIT_VAL = 0x0
  CONFIG.C_PROBE_OUT13_WIDTH = 1
  CONFIG.C_PROBE_OUT14_INIT_VAL = 0x0
  CONFIG.C_PROBE_OUT14_WIDTH = 1
  CONFIG.C_PROBE_OUT15_INIT_VAL = 0x0
  CONFIG.C_PROBE_OUT15_WIDTH = 1
  CONFIG.C_PROBE_OUT16_INIT_VAL = 0x0
  CONFIG.C_PROBE_OUT16_WIDTH = 1
  CONFIG.C_PROBE_OUT17_INIT_VAL = 0x0
  CONFIG.C_PROBE_OUT17_WIDTH = 1
  CONFIG.C_PROBE_OUT18_INIT_VAL = 0x0
  CONFIG.C_PROBE_OUT18_WIDTH = 1
  CONFIG.C_PROBE_OUT19_INIT_VAL = 0x0
  CONFIG.C_PROBE_OUT19_WIDTH = 1
  CONFIG.C_PROBE_OUT20_INIT_VAL = 0x0
  CONFIG.C_PROBE_OUT20_WIDTH = 1
  CONFIG.C_PROBE_OUT21_INIT_VAL = 0x0
  CONFIG.C_PROBE_OUT21_WIDTH = 1
  CONFIG.C_PROBE_OUT22_INIT_VAL = 0x0
  CONFIG.C_PROBE_OUT22_WIDTH = 1
  CONFIG.C_PROBE_OUT23_INIT_VAL = 0x0
  CONFIG.C_PROBE_OUT23_WIDTH = 1
  CONFIG.C_PROBE_OUT24_INIT_VAL = 0x0
  CONFIG.C_PROBE_OUT24_WIDTH = 1
  CONFIG.C_PROBE_OUT25_INIT_VAL = 0x0
  CONFIG.C_PROBE_OUT25_WIDTH = 1
  CONFIG.C_PROBE_OUT26_INIT_VAL = 0x0
  CONFIG.C_PROBE_OUT26_WIDTH = 1
  CONFIG.C_PROBE_OUT27_INIT_VAL = 0x0
  CONFIG.C_PROBE_OUT27_WIDTH = 1
  CONFIG.C_PROBE_OUT28_INIT_VAL = 0x0
  CONFIG.C_PROBE_OUT28_WIDTH = 1
  CONFIG.C_PROBE_OUT29_INIT_VAL = 0x0
  CONFIG.C_PROBE_OUT29_WIDTH = 1
  CONFIG.C_PROBE_OUT30_INIT_VAL = 0x0
  CONFIG.C_PROBE_OUT30_WIDTH = 1
  CONFIG.C_PROBE_OUT31_INIT_VAL = 0x0
  CONFIG.C_PROBE_OUT31_WIDTH = 1
  CONFIG.C_PROBE_OUT32_INIT_VAL = 0x0
  CONFIG.C_PROBE_OUT32_WIDTH = 1
  CONFIG.C_PROBE_OUT33_INIT_VAL = 0x0
  CONFIG.C_PROBE_OUT33_WIDTH = 1
  CONFIG.C_PROBE_OUT34_INIT_VAL = 0x0
  CONFIG.C_PROBE_OUT34_WIDTH = 1
  CONFIG.C_PROBE_OUT35_INIT_VAL = 0x0
  CONFIG.C_PROBE_OUT35_WIDTH = 1
  CONFIG.C_PROBE_OUT36_INIT_VAL = 0x0
  CONFIG.C_PROBE_OUT36_WIDTH = 1
  CONFIG.C_PROBE_OUT37_INIT_VAL = 0x0
  CONFIG.C_PROBE_OUT37_WIDTH = 1
  CONFIG.C_PROBE_OUT38_INIT_VAL = 0x0
  CONFIG.C_PROBE_OUT38_WIDTH = 1
  CONFIG.C_PROBE_OUT39_INIT_VAL = 0x0
  CONFIG.C_PROBE_OUT39_WIDTH = 1
  CONFIG.C_PROBE_OUT40_INIT_VAL = 0x0
  CONFIG.C_PROBE_OUT40_WIDTH = 1
  CONFIG.C_PROBE_OUT41_INIT_VAL = 0x0
  CONFIG.C_PROBE_OUT41_WIDTH = 1
  CONFIG.C_PROBE_OUT42_INIT_VAL = 0x0
  CONFIG.C_PROBE_OUT42_WIDTH = 1
  CONFIG.C_PROBE_OUT43_INIT_VAL = 0x0
  CONFIG.C_PROBE_OUT43_WIDTH = 1
  CONFIG.C_PROBE_OUT44_INIT_VAL = 0x0
  CONFIG.C_PROBE_OUT44_WIDTH = 1
  CONFIG.C_PROBE_OUT45_INIT_VAL = 0x0
  CONFIG.C_PROBE_OUT45_WIDTH = 1
  CONFIG.C_PROBE_OUT46_INIT_VAL = 0x0
  CONFIG.C_PROBE_OUT46_WIDTH = 1
  CONFIG.C_PROBE_OUT47_INIT_VAL = 0x0
  CONFIG.C_PROBE_OUT47_WIDTH = 1
  CONFIG.C_PROBE_OUT48_INIT_VAL = 0x0
  CONFIG.C_PROBE_OUT48_WIDTH = 1
  CONFIG.C_PROBE_OUT49_INIT_VAL = 0x0
  CONFIG.C_PROBE_OUT49_WIDTH = 1
  CONFIG.C_PROBE_OUT50_INIT_VAL = 0x0
  CONFIG.C_PROBE_OUT50_WIDTH = 1
  CONFIG.C_PROBE_OUT51_INIT_VAL = 0x0
  CONFIG.C_PROBE_OUT51_WIDTH = 1
  CONFIG.C_PROBE_OUT52_INIT_VAL = 0x0
  CONFIG.C_PROBE_OUT52_WIDTH = 1
  CONFIG.C_PROBE_OUT53_INIT_VAL = 0x0
  CONFIG.C_PROBE_OUT53_WIDTH = 1
  CONFIG.C_PROBE_OUT54_INIT_VAL = 0x0
  CONFIG.C_PROBE_OUT54_WIDTH = 1
  CONFIG.C_PROBE_OUT55_INIT_VAL = 0x0
  CONFIG.C_PROBE_OUT55_WIDTH = 1
  CONFIG.C_PROBE_OUT56_INIT_VAL = 0x0
  CONFIG.C_PROBE_OUT56_WIDTH = 1
  CONFIG.C_PROBE_OUT57_INIT_VAL = 0x0
  CONFIG.C_PROBE_OUT57_WIDTH = 1
  CONFIG.C_PROBE_OUT58_INIT_VAL = 0x0
  CONFIG.C_PROBE_OUT58_WIDTH = 1
  CONFIG.C_PROBE_OUT59_INIT_VAL = 0x0
  CONFIG.C_PROBE_OUT59_WIDTH = 1
  CONFIG.C_PROBE_OUT60_INIT_VAL = 0x0
  CONFIG.C_PROBE_OUT60_WIDTH = 1
  CONFIG.C_PROBE_OUT61_INIT_VAL = 0x0
  CONFIG.C_PROBE_OUT61_WIDTH = 1
  CONFIG.C_PROBE_OUT62_INIT_VAL = 0x0
  CONFIG.C_PROBE_OUT62_WIDTH = 1
  CONFIG.C_PROBE_OUT63_INIT_VAL = 0x0
  CONFIG.C_PROBE_OUT63_WIDTH = 1
  CONFIG.C_PROBE_OUT64_INIT_VAL = 0x0
  CONFIG.C_PROBE_OUT64_WIDTH = 1
  CONFIG.C_PROBE_OUT65_INIT_VAL = 0x0
  CONFIG.C_PROBE_OUT65_WIDTH = 1
  CONFIG.C_PROBE_OUT66_INIT_VAL = 0x0
  CONFIG.C_PROBE_OUT66_WIDTH = 1
  CONFIG.C_PROBE_OUT67_INIT_VAL = 0x0
  CONFIG.C_PROBE_OUT67_WIDTH = 1
  CONFIG.C_PROBE_OUT68_INIT_VAL = 0x0
  CONFIG.C_PROBE_OUT68_WIDTH = 1
  CONFIG.C_PROBE_OUT69_INIT_VAL = 0x0
  CONFIG.C_PROBE_OUT69_WIDTH = 1
  CONFIG.C_PROBE_OUT70_INIT_VAL = 0x0
  CONFIG.C_PROBE_OUT70_WIDTH = 1
  CONFIG.C_PROBE_OUT71_INIT_VAL = 0x0
  CONFIG.C_PROBE_OUT71_WIDTH = 1
  CONFIG.C_PROBE_OUT72_INIT_VAL = 0x0
  CONFIG.C_PROBE_OUT72_WIDTH = 1
  CONFIG.C_PROBE_OUT73_INIT_VAL = 0x0
  CONFIG.C_PROBE_OUT73_WIDTH = 1
  CONFIG.C_PROBE_OUT74_INIT_VAL = 0x0
  CONFIG.C_PROBE_OUT74_WIDTH = 1
  CONFIG.C_PROBE_OUT75_INIT_VAL = 0x0
  CONFIG.C_PROBE_OUT75_WIDTH = 1
  CONFIG.C_PROBE_OUT76_INIT_VAL = 0x0
  CONFIG.C_PROBE_OUT76_WIDTH = 1
  CONFIG.C_PROBE_OUT77_INIT_VAL = 0x0
  CONFIG.C_PROBE_OUT77_WIDTH = 1
  CONFIG.C_PROBE_OUT78_INIT_VAL = 0x0
  CONFIG.C_PROBE_OUT78_WIDTH = 1
  CONFIG.C_PROBE_OUT79_INIT_VAL = 0x0
  CONFIG.C_PROBE_OUT79_WIDTH = 1
  CONFIG.C_PROBE_OUT80_INIT_VAL = 0x0
  CONFIG.C_PROBE_OUT80_WIDTH = 1
  CONFIG.C_PROBE_OUT81_INIT_VAL = 0x0
  CONFIG.C_PROBE_OUT81_WIDTH = 1
  CONFIG.C_PROBE_OUT82_INIT_VAL = 0x0
  CONFIG.C_PROBE_OUT82_WIDTH = 1
  CONFIG.C_PROBE_OUT83_INIT_VAL = 0x0
  CONFIG.C_PROBE_OUT83_WIDTH = 1
  CONFIG.C_PROBE_OUT84_INIT_VAL = 0x0
  CONFIG.C_PROBE_OUT84_WIDTH = 1
  CONFIG.C_PROBE_OUT85_INIT_VAL = 0x0
  CONFIG.C_PROBE_OUT85_WIDTH = 1
  CONFIG.C_PROBE_OUT86_INIT_VAL = 0x0
  CONFIG.C_PROBE_OUT86_WIDTH = 1
  CONFIG.C_PROBE_OUT87_INIT_VAL = 0x0
  CONFIG.C_PROBE_OUT87_WIDTH = 1
  CONFIG.C_PROBE_OUT88_INIT_VAL = 0x0
  CONFIG.C_PROBE_OUT88_WIDTH = 1
  CONFIG.C_PROBE_OUT89_INIT_VAL = 0x0
  CONFIG.C_PROBE_OUT89_WIDTH = 1
  CONFIG.C_PROBE_OUT90_INIT_VAL = 0x0
  CONFIG.C_PROBE_OUT90_WIDTH = 1
  CONFIG.C_PROBE_OUT91_INIT_VAL = 0x0
  CONFIG.C_PROBE_OUT91_WIDTH = 1
  CONFIG.C_PROBE_OUT92_INIT_VAL = 0x0
  CONFIG.C_PROBE_OUT92_WIDTH = 1
  CONFIG.C_PROBE_OUT93_INIT_VAL = 0x0
  CONFIG.C_PROBE_OUT93_WIDTH = 1
  CONFIG.C_PROBE_OUT94_INIT_VAL = 0x0
  CONFIG.C_PROBE_OUT94_WIDTH = 1
  CONFIG.C_PROBE_OUT95_INIT_VAL = 0x0
  CONFIG.C_PROBE_OUT95_WIDTH = 1
  CONFIG.C_PROBE_OUT96_INIT_VAL = 0x0
  CONFIG.C_PROBE_OUT96_WIDTH = 1
  CONFIG.C_PROBE_OUT97_INIT_VAL = 0x0
  CONFIG.C_PROBE_OUT97_WIDTH = 1
  CONFIG.C_PROBE_OUT98_INIT_VAL = 0x0
  CONFIG.C_PROBE_OUT98_WIDTH = 1
  CONFIG.C_PROBE_OUT99_INIT_VAL = 0x0
  CONFIG.C_PROBE_OUT99_WIDTH = 1
  CONFIG.C_PROBE_OUT100_INIT_VAL = 0x0
  CONFIG.C_PROBE_OUT100_WIDTH = 1
  CONFIG.C_PROBE_OUT101_INIT_VAL = 0x0
  CONFIG.C_PROBE_OUT101_WIDTH = 1
  CONFIG.C_PROBE_OUT102_INIT_VAL = 0x0
  CONFIG.C_PROBE_OUT102_WIDTH = 1
  CONFIG.C_PROBE_OUT103_INIT_VAL = 0x0
  CONFIG.C_PROBE_OUT103_WIDTH = 1
  CONFIG.C_PROBE_OUT104_INIT_VAL = 0x0
  CONFIG.C_PROBE_OUT104_WIDTH = 1
  CONFIG.C_PROBE_OUT105_INIT_VAL = 0x0
  CONFIG.C_PROBE_OUT105_WIDTH = 1
  CONFIG.C_PROBE_OUT106_INIT_VAL = 0x0
  CONFIG.C_PROBE_OUT106_WIDTH = 1
  CONFIG.C_PROBE_OUT107_INIT_VAL = 0x0
  CONFIG.C_PROBE_OUT107_WIDTH = 1
  CONFIG.C_PROBE_OUT108_INIT_VAL = 0x0
  CONFIG.C_PROBE_OUT108_WIDTH = 1
  CONFIG.C_PROBE_OUT109_INIT_VAL = 0x0
  CONFIG.C_PROBE_OUT109_WIDTH = 1
  CONFIG.C_PROBE_OUT110_INIT_VAL = 0x0
  CONFIG.C_PROBE_OUT110_WIDTH = 1
  CONFIG.C_PROBE_OUT111_INIT_VAL = 0x0
  CONFIG.C_PROBE_OUT111_WIDTH = 1
  CONFIG.C_PROBE_OUT112_INIT_VAL = 0x0
  CONFIG.C_PROBE_OUT112_WIDTH = 1
  CONFIG.C_PROBE_OUT113_INIT_VAL = 0x0
  CONFIG.C_PROBE_OUT113_WIDTH = 1
  CONFIG.C_PROBE_OUT114_INIT_VAL = 0x0
  CONFIG.C_PROBE_OUT114_WIDTH = 1
  CONFIG.C_PROBE_OUT115_INIT_VAL = 0x0
  CONFIG.C_PROBE_OUT115_WIDTH = 1
  CONFIG.C_PROBE_OUT116_INIT_VAL = 0x0
  CONFIG.C_PROBE_OUT116_WIDTH = 1
  CONFIG.C_PROBE_OUT117_INIT_VAL = 0x0
  CONFIG.C_PROBE_OUT117_WIDTH = 1
  CONFIG.C_PROBE_OUT118_INIT_VAL = 0x0
  CONFIG.C_PROBE_OUT118_WIDTH = 1
  CONFIG.C_PROBE_OUT119_INIT_VAL = 0x0
  CONFIG.C_PROBE_OUT119_WIDTH = 1
  CONFIG.C_PROBE_OUT120_INIT_VAL = 0x0
  CONFIG.C_PROBE_OUT120_WIDTH = 1
  CONFIG.C_PROBE_OUT121_INIT_VAL = 0x0
  CONFIG.C_PROBE_OUT121_WIDTH = 1
  CONFIG.C_PROBE_OUT122_INIT_VAL = 0x0
  CONFIG.C_PROBE_OUT122_WIDTH = 1
  CONFIG.C_PROBE_OUT123_INIT_VAL = 0x0
  CONFIG.C_PROBE_OUT123_WIDTH = 1
  CONFIG.C_PROBE_OUT124_INIT_VAL = 0x0
  CONFIG.C_PROBE_OUT124_WIDTH = 1
  CONFIG.C_PROBE_OUT125_INIT_VAL = 0x0
  CONFIG.C_PROBE_OUT125_WIDTH = 1
  CONFIG.C_PROBE_OUT126_INIT_VAL = 0x0
  CONFIG.C_PROBE_OUT126_WIDTH = 1
  CONFIG.C_PROBE_OUT127_INIT_VAL = 0x0
  CONFIG.C_PROBE_OUT127_WIDTH = 1
  CONFIG.C_PROBE_OUT128_INIT_VAL = 0x0
  CONFIG.C_PROBE_OUT128_WIDTH = 1
  CONFIG.C_PROBE_OUT129_INIT_VAL = 0x0
  CONFIG.C_PROBE_OUT129_WIDTH = 1
  CONFIG.C_PROBE_OUT130_INIT_VAL = 0x0
  CONFIG.C_PROBE_OUT130_WIDTH = 1
  CONFIG.C_PROBE_OUT131_INIT_VAL = 0x0
  CONFIG.C_PROBE_OUT131_WIDTH = 1
  CONFIG.C_PROBE_OUT132_INIT_VAL = 0x0
  CONFIG.C_PROBE_OUT132_WIDTH = 1
  CONFIG.C_PROBE_OUT133_INIT_VAL = 0x0
  CONFIG.C_PROBE_OUT133_WIDTH = 1
  CONFIG.C_PROBE_OUT134_INIT_VAL = 0x0
  CONFIG.C_PROBE_OUT134_WIDTH = 1
  CONFIG.C_PROBE_OUT135_INIT_VAL = 0x0
  CONFIG.C_PROBE_OUT135_WIDTH = 1
  CONFIG.C_PROBE_OUT136_INIT_VAL = 0x0
  CONFIG.C_PROBE_OUT136_WIDTH = 1
  CONFIG.C_PROBE_OUT137_INIT_VAL = 0x0
  CONFIG.C_PROBE_OUT137_WIDTH = 1
  CONFIG.C_PROBE_OUT138_INIT_VAL = 0x0
  CONFIG.C_PROBE_OUT138_WIDTH = 1
  CONFIG.C_PROBE_OUT139_INIT_VAL = 0x0
  CONFIG.C_PROBE_OUT139_WIDTH = 1
  CONFIG.C_PROBE_OUT140_INIT_VAL = 0x0
  CONFIG.C_PROBE_OUT140_WIDTH = 1
  CONFIG.C_PROBE_OUT141_INIT_VAL = 0x0
  CONFIG.C_PROBE_OUT141_WIDTH = 1
  CONFIG.C_PROBE_OUT142_INIT_VAL = 0x0
  CONFIG.C_PROBE_OUT142_WIDTH = 1
  CONFIG.C_PROBE_OUT143_INIT_VAL = 0x0
  CONFIG.C_PROBE_OUT143_WIDTH = 1
  CONFIG.C_PROBE_OUT144_INIT_VAL = 0x0
  CONFIG.C_PROBE_OUT144_WIDTH = 1
  CONFIG.C_PROBE_OUT145_INIT_VAL = 0x0
  CONFIG.C_PROBE_OUT145_WIDTH = 1
  CONFIG.C_PROBE_OUT146_INIT_VAL = 0x0
  CONFIG.C_PROBE_OUT146_WIDTH = 1
  CONFIG.C_PROBE_OUT147_INIT_VAL = 0x0
  CONFIG.C_PROBE_OUT147_WIDTH = 1
  CONFIG.C_PROBE_OUT148_INIT_VAL = 0x0
  CONFIG.C_PROBE_OUT148_WIDTH = 1
  CONFIG.C_PROBE_OUT149_INIT_VAL = 0x0
  CONFIG.C_PROBE_OUT149_WIDTH = 1
  CONFIG.C_PROBE_OUT150_INIT_VAL = 0x0
  CONFIG.C_PROBE_OUT150_WIDTH = 1
  CONFIG.C_PROBE_OUT151_INIT_VAL = 0x0
  CONFIG.C_PROBE_OUT151_WIDTH = 1
  CONFIG.C_PROBE_OUT152_INIT_VAL = 0x0
  CONFIG.C_PROBE_OUT152_WIDTH = 1
  CONFIG.C_PROBE_OUT153_INIT_VAL = 0x0
  CONFIG.C_PROBE_OUT153_WIDTH = 1
  CONFIG.C_PROBE_OUT154_INIT_VAL = 0x0
  CONFIG.C_PROBE_OUT154_WIDTH = 1
  CONFIG.C_PROBE_OUT155_INIT_VAL = 0x0
  CONFIG.C_PROBE_OUT155_WIDTH = 1
  CONFIG.C_PROBE_OUT156_INIT_VAL = 0x0
  CONFIG.C_PROBE_OUT156_WIDTH = 1
  CONFIG.C_PROBE_OUT157_INIT_VAL = 0x0
  CONFIG.C_PROBE_OUT157_WIDTH = 1
  CONFIG.C_PROBE_OUT158_INIT_VAL = 0x0
  CONFIG.C_PROBE_OUT158_WIDTH = 1
  CONFIG.C_PROBE_OUT159_INIT_VAL = 0x0
  CONFIG.C_PROBE_OUT159_WIDTH = 1
  CONFIG.C_PROBE_OUT160_INIT_VAL = 0x0
  CONFIG.C_PROBE_OUT160_WIDTH = 1
  CONFIG.C_PROBE_OUT161_INIT_VAL = 0x0
  CONFIG.C_PROBE_OUT161_WIDTH = 1
  CONFIG.C_PROBE_OUT162_INIT_VAL = 0x0
  CONFIG.C_PROBE_OUT162_WIDTH = 1
  CONFIG.C_PROBE_OUT163_INIT_VAL = 0x0
  CONFIG.C_PROBE_OUT163_WIDTH = 1
  CONFIG.C_PROBE_OUT164_INIT_VAL = 0x0
  CONFIG.C_PROBE_OUT164_WIDTH = 1
  CONFIG.C_PROBE_OUT165_INIT_VAL = 0x0
  CONFIG.C_PROBE_OUT165_WIDTH = 1
  CONFIG.C_PROBE_OUT166_INIT_VAL = 0x0
  CONFIG.C_PROBE_OUT166_WIDTH = 1
  CONFIG.C_PROBE_OUT167_INIT_VAL = 0x0
  CONFIG.C_PROBE_OUT167_WIDTH = 1
  CONFIG.C_PROBE_OUT168_INIT_VAL = 0x0
  CONFIG.C_PROBE_OUT168_WIDTH = 1
  CONFIG.C_PROBE_OUT169_INIT_VAL = 0x0
  CONFIG.C_PROBE_OUT169_WIDTH = 1
  CONFIG.C_PROBE_OUT170_INIT_VAL = 0x0
  CONFIG.C_PROBE_OUT170_WIDTH = 1
  CONFIG.C_PROBE_OUT171_INIT_VAL = 0x0
  CONFIG.C_PROBE_OUT171_WIDTH = 1
  CONFIG.C_PROBE_OUT172_INIT_VAL = 0x0
  CONFIG.C_PROBE_OUT172_WIDTH = 1
  CONFIG.C_PROBE_OUT173_INIT_VAL = 0x0
  CONFIG.C_PROBE_OUT173_WIDTH = 1
  CONFIG.C_PROBE_OUT174_INIT_VAL = 0x0
  CONFIG.C_PROBE_OUT174_WIDTH = 1
  CONFIG.C_PROBE_OUT175_INIT_VAL = 0x0
  CONFIG.C_PROBE_OUT175_WIDTH = 1
  CONFIG.C_PROBE_OUT176_INIT_VAL = 0x0
  CONFIG.C_PROBE_OUT176_WIDTH = 1
  CONFIG.C_PROBE_OUT177_INIT_VAL = 0x0
  CONFIG.C_PROBE_OUT177_WIDTH = 1
  CONFIG.C_PROBE_OUT178_INIT_VAL = 0x0
  CONFIG.C_PROBE_OUT178_WIDTH = 1
  CONFIG.C_PROBE_OUT179_INIT_VAL = 0x0
  CONFIG.C_PROBE_OUT179_WIDTH = 1
  CONFIG.C_PROBE_OUT180_INIT_VAL = 0x0
  CONFIG.C_PROBE_OUT180_WIDTH = 1
  CONFIG.C_PROBE_OUT181_INIT_VAL = 0x0
  CONFIG.C_PROBE_OUT181_WIDTH = 1
  CONFIG.C_PROBE_OUT182_INIT_VAL = 0x0
  CONFIG.C_PROBE_OUT182_WIDTH = 1
  CONFIG.C_PROBE_OUT183_INIT_VAL = 0x0
  CONFIG.C_PROBE_OUT183_WIDTH = 1
  CONFIG.C_PROBE_OUT184_INIT_VAL = 0x0
  CONFIG.C_PROBE_OUT184_WIDTH = 1
  CONFIG.C_PROBE_OUT185_INIT_VAL = 0x0
  CONFIG.C_PROBE_OUT185_WIDTH = 1
  CONFIG.C_PROBE_OUT186_INIT_VAL = 0x0
  CONFIG.C_PROBE_OUT186_WIDTH = 1
  CONFIG.C_PROBE_OUT187_INIT_VAL = 0x0
  CONFIG.C_PROBE_OUT187_WIDTH = 1
  CONFIG.C_PROBE_OUT188_INIT_VAL = 0x0
  CONFIG.C_PROBE_OUT188_WIDTH = 1
  CONFIG.C_PROBE_OUT189_INIT_VAL = 0x0
  CONFIG.C_PROBE_OUT189_WIDTH = 1
  CONFIG.C_PROBE_OUT190_INIT_VAL = 0x0
  CONFIG.C_PROBE_OUT190_WIDTH = 1
  CONFIG.C_PROBE_OUT191_INIT_VAL = 0x0
  CONFIG.C_PROBE_OUT191_WIDTH = 1
  CONFIG.C_PROBE_OUT192_INIT_VAL = 0x0
  CONFIG.C_PROBE_OUT192_WIDTH = 1
  CONFIG.C_PROBE_OUT193_INIT_VAL = 0x0
  CONFIG.C_PROBE_OUT193_WIDTH = 1
  CONFIG.C_PROBE_OUT194_INIT_VAL = 0x0
  CONFIG.C_PROBE_OUT194_WIDTH = 1
  CONFIG.C_PROBE_OUT195_INIT_VAL = 0x0
  CONFIG.C_PROBE_OUT195_WIDTH = 1
  CONFIG.C_PROBE_OUT196_INIT_VAL = 0x0
  CONFIG.C_PROBE_OUT196_WIDTH = 1
  CONFIG.C_PROBE_OUT197_INIT_VAL = 0x0
  CONFIG.C_PROBE_OUT197_WIDTH = 1
  CONFIG.C_PROBE_OUT198_INIT_VAL = 0x0
  CONFIG.C_PROBE_OUT198_WIDTH = 1
  CONFIG.C_PROBE_OUT199_INIT_VAL = 0x0
  CONFIG.C_PROBE_OUT199_WIDTH = 1
  CONFIG.C_PROBE_OUT200_INIT_VAL = 0x0
  CONFIG.C_PROBE_OUT200_WIDTH = 1
  CONFIG.C_PROBE_OUT201_INIT_VAL = 0x0
  CONFIG.C_PROBE_OUT201_WIDTH = 1
  CONFIG.C_PROBE_OUT202_INIT_VAL = 0x0
  CONFIG.C_PROBE_OUT202_WIDTH = 1
  CONFIG.C_PROBE_OUT203_INIT_VAL = 0x0
  CONFIG.C_PROBE_OUT203_WIDTH = 1
  CONFIG.C_PROBE_OUT204_INIT_VAL = 0x0
  CONFIG.C_PROBE_OUT204_WIDTH = 1
  CONFIG.C_PROBE_OUT205_INIT_VAL = 0x0
  CONFIG.C_PROBE_OUT205_WIDTH = 1
  CONFIG.C_PROBE_OUT206_INIT_VAL = 0x0
  CONFIG.C_PROBE_OUT206_WIDTH = 1
  CONFIG.C_PROBE_OUT207_INIT_VAL = 0x0
  CONFIG.C_PROBE_OUT207_WIDTH = 1
  CONFIG.C_PROBE_OUT208_INIT_VAL = 0x0
  CONFIG.C_PROBE_OUT208_WIDTH = 1
  CONFIG.C_PROBE_OUT209_INIT_VAL = 0x0
  CONFIG.C_PROBE_OUT209_WIDTH = 1
  CONFIG.C_PROBE_OUT210_INIT_VAL = 0x0
  CONFIG.C_PROBE_OUT210_WIDTH = 1
  CONFIG.C_PROBE_OUT211_INIT_VAL = 0x0
  CONFIG.C_PROBE_OUT211_WIDTH = 1
  CONFIG.C_PROBE_OUT212_INIT_VAL = 0x0
  CONFIG.C_PROBE_OUT212_WIDTH = 1
  CONFIG.C_PROBE_OUT213_INIT_VAL = 0x0
  CONFIG.C_PROBE_OUT213_WIDTH = 1
  CONFIG.C_PROBE_OUT214_INIT_VAL = 0x0
  CONFIG.C_PROBE_OUT214_WIDTH = 1
  CONFIG.C_PROBE_OUT215_INIT_VAL = 0x0
  CONFIG.C_PROBE_OUT215_WIDTH = 1
  CONFIG.C_PROBE_OUT216_INIT_VAL = 0x0
  CONFIG.C_PROBE_OUT216_WIDTH = 1
  CONFIG.C_PROBE_OUT217_INIT_VAL = 0x0
  CONFIG.C_PROBE_OUT217_WIDTH = 1
  CONFIG.C_PROBE_OUT218_INIT_VAL = 0x0
  CONFIG.C_PROBE_OUT218_WIDTH = 1
  CONFIG.C_PROBE_OUT219_INIT_VAL = 0x0
  CONFIG.C_PROBE_OUT219_WIDTH = 1
  CONFIG.C_PROBE_OUT220_INIT_VAL = 0x0
  CONFIG.C_PROBE_OUT220_WIDTH = 1
  CONFIG.C_PROBE_OUT221_INIT_VAL = 0x0
  CONFIG.C_PROBE_OUT221_WIDTH = 1
  CONFIG.C_PROBE_OUT222_INIT_VAL = 0x0
  CONFIG.C_PROBE_OUT222_WIDTH = 1
  CONFIG.C_PROBE_OUT223_INIT_VAL = 0x0
  CONFIG.C_PROBE_OUT223_WIDTH = 1
  CONFIG.C_PROBE_OUT224_INIT_VAL = 0x0
  CONFIG.C_PROBE_OUT224_WIDTH = 1
  CONFIG.C_PROBE_OUT225_INIT_VAL = 0x0
  CONFIG.C_PROBE_OUT225_WIDTH = 1
  CONFIG.C_PROBE_OUT226_INIT_VAL = 0x0
  CONFIG.C_PROBE_OUT226_WIDTH = 1
  CONFIG.C_PROBE_OUT227_INIT_VAL = 0x0
  CONFIG.C_PROBE_OUT227_WIDTH = 1
  CONFIG.C_PROBE_OUT228_INIT_VAL = 0x0
  CONFIG.C_PROBE_OUT228_WIDTH = 1
  CONFIG.C_PROBE_OUT229_INIT_VAL = 0x0
  CONFIG.C_PROBE_OUT229_WIDTH = 1
  CONFIG.C_PROBE_OUT230_INIT_VAL = 0x0
  CONFIG.C_PROBE_OUT230_WIDTH = 1
  CONFIG.C_PROBE_OUT231_INIT_VAL = 0x0
  CONFIG.C_PROBE_OUT231_WIDTH = 1
  CONFIG.C_PROBE_OUT232_INIT_VAL = 0x0
  CONFIG.C_PROBE_OUT232_WIDTH = 1
  CONFIG.C_PROBE_OUT233_INIT_VAL = 0x0
  CONFIG.C_PROBE_OUT233_WIDTH = 1
  CONFIG.C_PROBE_OUT234_INIT_VAL = 0x0
  CONFIG.C_PROBE_OUT234_WIDTH = 1
  CONFIG.C_PROBE_OUT235_INIT_VAL = 0x0
  CONFIG.C_PROBE_OUT235_WIDTH = 1
  CONFIG.C_PROBE_OUT236_INIT_VAL = 0x0
  CONFIG.C_PROBE_OUT236_WIDTH = 1
  CONFIG.C_PROBE_OUT237_INIT_VAL = 0x0
  CONFIG.C_PROBE_OUT237_WIDTH = 1
  CONFIG.C_PROBE_OUT238_INIT_VAL = 0x0
  CONFIG.C_PROBE_OUT238_WIDTH = 1
  CONFIG.C_PROBE_OUT239_INIT_VAL = 0x0
  CONFIG.C_PROBE_OUT239_WIDTH = 1
  CONFIG.C_PROBE_OUT240_INIT_VAL = 0x0
  CONFIG.C_PROBE_OUT240_WIDTH = 1
  CONFIG.C_PROBE_OUT241_INIT_VAL = 0x0
  CONFIG.C_PROBE_OUT241_WIDTH = 1
  CONFIG.C_PROBE_OUT242_INIT_VAL = 0x0
  CONFIG.C_PROBE_OUT242_WIDTH = 1
  CONFIG.C_PROBE_OUT243_INIT_VAL = 0x0
  CONFIG.C_PROBE_OUT243_WIDTH = 1
  CONFIG.C_PROBE_OUT244_INIT_VAL = 0x0
  CONFIG.C_PROBE_OUT244_WIDTH = 1
  CONFIG.C_PROBE_OUT245_INIT_VAL = 0x0
  CONFIG.C_PROBE_OUT245_WIDTH = 1
  CONFIG.C_PROBE_OUT246_INIT_VAL = 0x0
  CONFIG.C_PROBE_OUT246_WIDTH = 1
  CONFIG.C_PROBE_OUT247_INIT_VAL = 0x0
  CONFIG.C_PROBE_OUT247_WIDTH = 1
  CONFIG.C_PROBE_OUT248_INIT_VAL = 0x0
  CONFIG.C_PROBE_OUT248_WIDTH = 1
  CONFIG.C_PROBE_OUT249_INIT_VAL = 0x0
  CONFIG.C_PROBE_OUT249_WIDTH = 1
  CONFIG.C_PROBE_OUT250_INIT_VAL = 0x0
  CONFIG.C_PROBE_OUT250_WIDTH = 1
  CONFIG.C_PROBE_OUT251_INIT_VAL = 0x0
  CONFIG.C_PROBE_OUT251_WIDTH = 1
  CONFIG.C_PROBE_OUT252_INIT_VAL = 0x0
  CONFIG.C_PROBE_OUT252_WIDTH = 1
  CONFIG.C_PROBE_OUT253_INIT_VAL = 0x0
  CONFIG.C_PROBE_OUT253_WIDTH = 1
  CONFIG.C_PROBE_OUT254_INIT_VAL = 0x0
  CONFIG.C_PROBE_OUT254_WIDTH = 1
  CONFIG.C_PROBE_OUT255_INIT_VAL = 0x0
  CONFIG.C_PROBE_OUT255_WIDTH = 1
  CONFIG.Component_Name = vio_0

-------------------------------------
* = Non-default value (user defined).


