
==========================================
 Starting placement
==========================================
Command: place_design -directive ExtraTimingOpt
Attempting to get a license for feature 'Implementation' and/or device 'xczu9eg'
INFO: [Common 17-349] Got license for feature 'Implementation' and/or device 'xczu9eg'
INFO: [Timing 38-35] Done setting XDC timing constraints.
INFO: [DRC 23-27] Running DRC with 8 threads
INFO: [Vivado_Tcl 4-198] DRC finished with 0 Errors
INFO: [Vivado_Tcl 4-199] Please refer to the DRC report (report_drc) for more information.
Running DRC as a precondition to command place_design
INFO: [DRC 23-27] Running DRC with 8 threads
INFO: [Vivado_Tcl 4-198] DRC finished with 0 Errors
INFO: [Vivado_Tcl 4-199] Please refer to the DRC report (report_drc) for more information.

Starting Placer Task
INFO: [Place 46-5] The placer was invoked with the 'ExtraTimingOpt' directive.
INFO: [Place 30-611] Multithreading enabled for place_design using a maximum of 8 CPUs

Phase 1 Placer Initialization

Phase 1.1 Placer Initialization Netlist Sorting
Netlist sorting complete. Time (s): cpu = 00:00:00 ; elapsed = 00:00:00.015 . Memory (MB): peak = 5372.129 ; gain = 0.000
Phase 1.1 Placer Initialization Netlist Sorting | Checksum: 1d2fb7945

Time (s): cpu = 00:00:00 ; elapsed = 00:00:00.057 . Memory (MB): peak = 5372.129 ; gain = 0.000
Netlist sorting complete. Time (s): cpu = 00:00:00 ; elapsed = 00:00:00.016 . Memory (MB): peak = 5372.129 ; gain = 0.000

Phase 1.2 IO Placement/ Clock Placement/ Build Placer Device
Phase 1.2 IO Placement/ Clock Placement/ Build Placer Device | Checksum: d55c8cc5

Time (s): cpu = 00:00:05 ; elapsed = 00:00:02 . Memory (MB): peak = 5372.129 ; gain = 0.000

Phase 1.3 Build Placer Netlist Model
Phase 1.3 Build Placer Netlist Model | Checksum: 177785520

Time (s): cpu = 00:00:27 ; elapsed = 00:00:09 . Memory (MB): peak = 5372.129 ; gain = 0.000

Phase 1.4 Constrain Clocks/Macros
Phase 1.4 Constrain Clocks/Macros | Checksum: 177785520

Time (s): cpu = 00:00:27 ; elapsed = 00:00:09 . Memory (MB): peak = 5372.129 ; gain = 0.000
Phase 1 Placer Initialization | Checksum: 177785520

Time (s): cpu = 00:00:27 ; elapsed = 00:00:09 . Memory (MB): peak = 5372.129 ; gain = 0.000

Phase 2 Global Placement

Phase 2.1 Floorplanning

Phase 2.1.1 Partition Driven Placement

Phase 2.1.1.1 PBP: Partition Driven Placement
Phase 2.1.1.1 PBP: Partition Driven Placement | Checksum: 107f8371f

Time (s): cpu = 00:01:18 ; elapsed = 00:00:31 . Memory (MB): peak = 5372.129 ; gain = 0.000

Phase 2.1.1.2 PBP: Clock Region Placement
Phase 2.1.1.2 PBP: Clock Region Placement | Checksum: 143105a28

Time (s): cpu = 00:01:19 ; elapsed = 00:00:32 . Memory (MB): peak = 5372.129 ; gain = 0.000

Phase 2.1.1.3 PBP: Compute Congestion
Phase 2.1.1.3 PBP: Compute Congestion | Checksum: 143105a28

Time (s): cpu = 00:01:20 ; elapsed = 00:00:33 . Memory (MB): peak = 5372.129 ; gain = 0.000

Phase 2.1.1.4 PBP: UpdateTiming
Phase 2.1.1.4 PBP: UpdateTiming | Checksum: 11d736a4a

Time (s): cpu = 00:01:24 ; elapsed = 00:00:34 . Memory (MB): peak = 5372.129 ; gain = 0.000

Phase 2.1.1.5 PBP: Add part constraints
Phase 2.1.1.5 PBP: Add part constraints | Checksum: 11d736a4a

Time (s): cpu = 00:01:24 ; elapsed = 00:00:34 . Memory (MB): peak = 5372.129 ; gain = 0.000
Phase 2.1.1 Partition Driven Placement | Checksum: 11d736a4a

Time (s): cpu = 00:01:24 ; elapsed = 00:00:34 . Memory (MB): peak = 5372.129 ; gain = 0.000
Phase 2.1 Floorplanning | Checksum: 11d736a4a

Time (s): cpu = 00:01:24 ; elapsed = 00:00:34 . Memory (MB): peak = 5372.129 ; gain = 0.000

Phase 2.2 Update Timing before SLR Path Opt
Phase 2.2 Update Timing before SLR Path Opt | Checksum: 11d736a4a

Time (s): cpu = 00:01:25 ; elapsed = 00:00:34 . Memory (MB): peak = 5372.129 ; gain = 0.000

Phase 2.3 Post-Processing in Floorplanning
Phase 2.3 Post-Processing in Floorplanning | Checksum: 101104e21

Time (s): cpu = 00:01:25 ; elapsed = 00:00:35 . Memory (MB): peak = 5372.129 ; gain = 0.000

Phase 2.4 Global Placement Core

Phase 2.4.1 Physical Synthesis In Placer
INFO: [Physopt 32-1035] Found 524 LUTNM shape to break, 1054 LUT instances to create LUTNM shape
INFO: [Physopt 32-1044] Break lutnm for timing: one critical 310, two critical 214, total 524, new lutff created 0
INFO: [Physopt 32-1138] End 1 Pass. Optimized 945 nets or LUTs. Breaked 524 LUTs, combined 421 existing LUTs and moved 0 existing LUT
INFO: [Physopt 32-1030] Pass 1. Identified 8 candidate driver sets for equivalent driver rewiring.
INFO: [Physopt 32-661] Optimized 3 nets.  Re-placed 37 instances.
INFO: [Physopt 32-775] End 1 Pass. Optimized 3 nets or cells. Created 0 new cell, deleted 0 existing cell and moved 37 existing cells
Netlist sorting complete. Time (s): cpu = 00:00:00 ; elapsed = 00:00:00.082 . Memory (MB): peak = 5372.129 ; gain = 0.000
INFO: [Physopt 32-65] No nets found for high-fanout optimization.
INFO: [Physopt 32-232] Optimized 0 net. Created 0 new instance.
INFO: [Physopt 32-775] End 1 Pass. Optimized 0 net or cell. Created 0 new cell, deleted 0 existing cell and moved 0 existing cell
INFO: [Physopt 32-456] No candidate cells for DSP register optimization found in the design.
INFO: [Physopt 32-775] End 2 Pass. Optimized 0 net or cell. Created 0 new cell, deleted 0 existing cell and moved 0 existing cell
INFO: [Physopt 32-1123] No candidate cells found for Shift Register to Pipeline optimization
INFO: [Physopt 32-775] End 1 Pass. Optimized 0 net or cell. Created 0 new cell, deleted 0 existing cell and moved 0 existing cell
INFO: [Physopt 32-677] No candidate cells for Shift Register optimization found in the design
INFO: [Physopt 32-775] End 1 Pass. Optimized 0 net or cell. Created 0 new cell, deleted 0 existing cell and moved 0 existing cell
INFO: [Physopt 32-527] Pass 1: Identified 8 candidate cells for BRAM register optimization
INFO: [Physopt 32-665] Processed cell u_top/u_bram_keys/U0/inst_blk_mem_gen/gnbram.gnativebmg.native_blk_mem_gen/valid.cstr/ramloop[0].ram.r/prim_init.ram/DEVICE_8SERIES.NO_BMM_INFO.SP.SIMPLE_PRIM18.ram. 18 registers were pushed out.
INFO: [Physopt 32-665] Processed cell u_top/u_bram_keys/U0/inst_blk_mem_gen/gnbram.gnativebmg.native_blk_mem_gen/valid.cstr/ramloop[2].ram.r/prim_init.ram/DEVICE_8SERIES.NO_BMM_INFO.SP.SIMPLE_PRIM36.ram. 36 registers were pushed out.
INFO: [Physopt 32-665] Processed cell u_top/u_bram_keys/U0/inst_blk_mem_gen/gnbram.gnativebmg.native_blk_mem_gen/valid.cstr/ramloop[1].ram.r/prim_init.ram/DEVICE_8SERIES.NO_BMM_INFO.SP.SIMPLE_PRIM36.ram. 36 registers were pushed out.
INFO: [Physopt 32-665] Processed cell u_top/u_bram_keys/U0/inst_blk_mem_gen/gnbram.gnativebmg.native_blk_mem_gen/valid.cstr/ramloop[4].ram.r/prim_init.ram/DEVICE_8SERIES.NO_BMM_INFO.SP.SIMPLE_PRIM36.ram. 36 registers were pushed out.
INFO: [Physopt 32-665] Processed cell u_top/u_bram_keys/U0/inst_blk_mem_gen/gnbram.gnativebmg.native_blk_mem_gen/valid.cstr/ramloop[3].ram.r/prim_init.ram/DEVICE_8SERIES.NO_BMM_INFO.SP.SIMPLE_PRIM36.ram. 36 registers were pushed out.
INFO: [Physopt 32-665] Processed cell u_top/u_bram_keys/U0/inst_blk_mem_gen/gnbram.gnativebmg.native_blk_mem_gen/valid.cstr/ramloop[5].ram.r/prim_init.ram/DEVICE_8SERIES.NO_BMM_INFO.SP.SIMPLE_PRIM36.ram. 36 registers were pushed out.
INFO: [Physopt 32-665] Processed cell u_top/u_bram_keys/U0/inst_blk_mem_gen/gnbram.gnativebmg.native_blk_mem_gen/valid.cstr/ramloop[6].ram.r/prim_init.ram/DEVICE_8SERIES.NO_BMM_INFO.SP.SIMPLE_PRIM36.ram. 36 registers were pushed out.
INFO: [Physopt 32-665] Processed cell u_top/u_bram_keys/U0/inst_blk_mem_gen/gnbram.gnativebmg.native_blk_mem_gen/valid.cstr/ramloop[7].ram.r/prim_init.ram/DEVICE_8SERIES.NO_BMM_INFO.SP.SIMPLE_PRIM36.ram. 22 registers were pushed out.
INFO: [Physopt 32-775] End 1 Pass. Optimized 8 nets or cells. Created 256 new cells, deleted 0 existing cell and moved 0 existing cell
Netlist sorting complete. Time (s): cpu = 00:00:00 ; elapsed = 00:00:00.245 . Memory (MB): peak = 5372.129 ; gain = 0.000
INFO: [Physopt 32-846] No candidate cells for URAM register optimization found in the design
INFO: [Physopt 32-775] End 2 Pass. Optimized 0 net or cell. Created 0 new cell, deleted 0 existing cell and moved 0 existing cell
INFO: [Physopt 32-949] No candidate nets found for dynamic/static region interface net replication
INFO: [Physopt 32-775] End 1 Pass. Optimized 0 net or cell. Created 0 new cell, deleted 0 existing cell and moved 0 existing cell
Netlist sorting complete. Time (s): cpu = 00:00:00 ; elapsed = 00:00:00.015 . Memory (MB): peak = 5372.129 ; gain = 0.000

Summary of Physical Synthesis Optimizations
============================================


-----------------------------------------------------------------------------------------------------------------------------------------------------------
|  Optimization                                     |  Added Cells  |  Removed Cells  |  Optimized Cells/Nets  |  Dont Touch  |  Iterations  |  Elapsed   |
-----------------------------------------------------------------------------------------------------------------------------------------------------------
|  LUT Combining                                    |          524  |            421  |                   945  |           0  |           1  |  00:00:01  |
|  Retime                                           |            0  |              0  |                     0  |           0  |           1  |  00:00:00  |
|  Equivalent Driver Rewiring                       |            0  |              0  |                     3  |           0  |           1  |  00:00:02  |
|  Very High Fanout                                 |            0  |              0  |                     0  |           1  |           1  |  00:00:00  |
|  DSP Register                                     |            0  |              0  |                     0  |           0  |           1  |  00:00:00  |
|  Shift Register to Pipeline                       |            0  |              0  |                     0  |           0  |           1  |  00:00:00  |
|  Shift Register                                   |            0  |              0  |                     0  |           0  |           1  |  00:00:00  |
|  BRAM Register                                    |          256  |              0  |                     8  |           0  |           1  |  00:00:04  |
|  URAM Register                                    |            0  |              0  |                     0  |           0  |           1  |  00:00:00  |
|  Dynamic/Static Region Interface Net Replication  |            0  |              0  |                     0  |           0  |           1  |  00:00:00  |
|  Total                                            |          780  |            421  |                   956  |           1  |          10  |  00:00:07  |
-----------------------------------------------------------------------------------------------------------------------------------------------------------


Phase 2.4.1 Physical Synthesis In Placer | Checksum: 139382f8b

Time (s): cpu = 00:03:51 ; elapsed = 00:01:33 . Memory (MB): peak = 5372.129 ; gain = 0.000
Phase 2.4 Global Placement Core | Checksum: 1205f504c

Time (s): cpu = 00:04:12 ; elapsed = 00:01:42 . Memory (MB): peak = 5372.129 ; gain = 0.000
Phase 2 Global Placement | Checksum: 1205f504c

Time (s): cpu = 00:04:12 ; elapsed = 00:01:42 . Memory (MB): peak = 5372.129 ; gain = 0.000

Phase 3 Detail Placement

Phase 3.1 Commit Multi Column Macros
Phase 3.1 Commit Multi Column Macros | Checksum: 143207911

Time (s): cpu = 00:04:17 ; elapsed = 00:01:44 . Memory (MB): peak = 5372.129 ; gain = 0.000

Phase 3.2 Commit Most Macros & LUTRAMs
Phase 3.2 Commit Most Macros & LUTRAMs | Checksum: 16a9f736d

Time (s): cpu = 00:04:22 ; elapsed = 00:01:46 . Memory (MB): peak = 5372.129 ; gain = 0.000

Phase 3.3 Small Shape DP

Phase 3.3.1 Small Shape Clustering
Phase 3.3.1 Small Shape Clustering | Checksum: c22fff2a

Time (s): cpu = 00:04:38 ; elapsed = 00:01:54 . Memory (MB): peak = 5372.129 ; gain = 0.000

Phase 3.3.2 Flow Legalize Slice Clusters
Phase 3.3.2 Flow Legalize Slice Clusters | Checksum: 187d96a3c

Time (s): cpu = 00:04:40 ; elapsed = 00:01:55 . Memory (MB): peak = 5372.129 ; gain = 0.000

Phase 3.3.3 Slice Area Swap
Phase 3.3.3 Slice Area Swap | Checksum: b3614cb7

Time (s): cpu = 00:04:45 ; elapsed = 00:02:00 . Memory (MB): peak = 5372.129 ; gain = 0.000
Phase 3.3 Small Shape DP | Checksum: cd391eb4

Time (s): cpu = 00:05:07 ; elapsed = 00:02:07 . Memory (MB): peak = 5372.129 ; gain = 0.000

Phase 3.4 Re-assign LUT pins
Phase 3.4 Re-assign LUT pins | Checksum: 1827d0874

Time (s): cpu = 00:05:10 ; elapsed = 00:02:11 . Memory (MB): peak = 5372.129 ; gain = 0.000

Phase 3.5 Pipeline Register Optimization
Phase 3.5 Pipeline Register Optimization | Checksum: 1f6e3c10a

Time (s): cpu = 00:05:10 ; elapsed = 00:02:11 . Memory (MB): peak = 5372.129 ; gain = 0.000

Phase 3.6 Fast Optimization
Phase 3.6 Fast Optimization | Checksum: 7371d073

Time (s): cpu = 00:05:57 ; elapsed = 00:02:28 . Memory (MB): peak = 5372.129 ; gain = 0.000
Phase 3 Detail Placement | Checksum: 7371d073

Time (s): cpu = 00:05:58 ; elapsed = 00:02:29 . Memory (MB): peak = 5372.129 ; gain = 0.000

Phase 4 Post Placement Optimization and Clean-Up

Phase 4.1 Post Commit Optimization
INFO: [Timing 38-35] Done setting XDC timing constraints.

Phase 4.1.1 Post Placement Optimization
Post Placement Optimization Initialization | Checksum: 10cd6c53a

Phase 4.1.1.1 BUFG Insertion

Starting Physical Synthesis Task

Phase 1 Physical Synthesis Initialization
INFO: [Physopt 32-721] Multithreading enabled for phys_opt_design using a maximum of 8 CPUs
INFO: [Physopt 32-619] Estimated Timing Summary | WNS=-0.124 | TNS=-0.461 |
Phase 1 Physical Synthesis Initialization | Checksum: ffa0ba33

Time (s): cpu = 00:00:05 ; elapsed = 00:00:00.967 . Memory (MB): peak = 5372.129 ; gain = 0.000
INFO: [Place 46-56] BUFG insertion identified 0 candidate nets. Inserted BUFG: 0, Replicated BUFG Driver: 0, Skipped due to Placement/Routing Conflicts: 0, Skipped due to Timing Degradation: 0, Skipped due to Illegal Netlist: 0.
Ending Physical Synthesis Task | Checksum: 9a2c4fb9

Time (s): cpu = 00:00:08 ; elapsed = 00:00:02 . Memory (MB): peak = 5372.129 ; gain = 0.000
Phase 4.1.1.1 BUFG Insertion | Checksum: 10cd6c53a

Time (s): cpu = 00:06:39 ; elapsed = 00:02:38 . Memory (MB): peak = 5372.129 ; gain = 0.000

Phase 4.1.1.2 Post Placement Timing Optimization
INFO: [Place 30-746] Post Placement Timing Summary WNS=0.116. For the most accurate timing information please run report_timing.
Phase 4.1.1.2 Post Placement Timing Optimization | Checksum: 1f219ee54

Time (s): cpu = 00:07:56 ; elapsed = 00:04:07 . Memory (MB): peak = 5372.129 ; gain = 0.000

Time (s): cpu = 00:07:56 ; elapsed = 00:04:07 . Memory (MB): peak = 5372.129 ; gain = 0.000
Phase 4.1 Post Commit Optimization | Checksum: 1f219ee54

Time (s): cpu = 00:07:56 ; elapsed = 00:04:07 . Memory (MB): peak = 5372.129 ; gain = 0.000
Netlist sorting complete. Time (s): cpu = 00:00:00 ; elapsed = 00:00:00.014 . Memory (MB): peak = 5372.129 ; gain = 0.000

Phase 4.2 Post Placement Cleanup
Phase 4.2 Post Placement Cleanup | Checksum: 237a4499b

Time (s): cpu = 00:07:58 ; elapsed = 00:04:08 . Memory (MB): peak = 5372.129 ; gain = 0.000

Phase 4.3 Placer Reporting

Phase 4.3.1 Print Estimated Congestion
INFO: [Place 30-612] Post-Placement Estimated Congestion 
 ________________________________________________________________________
|           | Global Congestion | Long Congestion   | Short Congestion  |
| Direction | Region Size       | Region Size       | Region Size       |
|___________|___________________|___________________|___________________|
|      North|                1x1|                2x2|                1x1|
|___________|___________________|___________________|___________________|
|      South|                1x1|              16x16|                2x2|
|___________|___________________|___________________|___________________|
|       East|                1x1|                4x4|                4x4|
|___________|___________________|___________________|___________________|
|       West|                1x1|                1x1|                4x4|
|___________|___________________|___________________|___________________|

Phase 4.3.1 Print Estimated Congestion | Checksum: 237a4499b

Time (s): cpu = 00:07:58 ; elapsed = 00:04:09 . Memory (MB): peak = 5372.129 ; gain = 0.000
Phase 4.3 Placer Reporting | Checksum: 237a4499b

Time (s): cpu = 00:07:58 ; elapsed = 00:04:09 . Memory (MB): peak = 5372.129 ; gain = 0.000

Phase 4.4 Final Placement Cleanup
Netlist sorting complete. Time (s): cpu = 00:00:00 ; elapsed = 00:00:00.013 . Memory (MB): peak = 5372.129 ; gain = 0.000

Time (s): cpu = 00:07:58 ; elapsed = 00:04:09 . Memory (MB): peak = 5372.129 ; gain = 0.000
Phase 4 Post Placement Optimization and Clean-Up | Checksum: 2abf3a253

Time (s): cpu = 00:07:58 ; elapsed = 00:04:09 . Memory (MB): peak = 5372.129 ; gain = 0.000
Ending Placer Task | Checksum: 1c68e6a77

Time (s): cpu = 00:07:58 ; elapsed = 00:04:09 . Memory (MB): peak = 5372.129 ; gain = 0.000
INFO: [Common 17-83] Releasing license: Implementation
310 Infos, 2174 Warnings, 0 Critical Warnings and 0 Errors encountered.
place_design completed successfully
place_design: Time (s): cpu = 00:08:25 ; elapsed = 00:04:15 . Memory (MB): peak = 5372.129 ; gain = 0.000
INFO: [Common 17-600] The following parameters have non-default value.
general.maxThreads

