Copyright 1986-2021 Xilinx, Inc. All Rights Reserved.
---------------------------------------------------------------------------------------------
| Tool Version      : Vivado v.2021.2 (win64) Build 3367213 Tue Oct 19 02:48:09 MDT 2021
| Date              : Thu Apr  7 08:06:26 2022
| Host              : EUL10-797V3J3 running 64-bit major release  (build 9200)
| Command           : report_datasheet -file ../reports/timing_datasheet.rpt -show_oe_timing
| Design            : aes_engine_wrapper
| Device            : xczu9eg-ffvb1156
| Speed File        : -2  PRODUCTION 1.29 08-03-2020
| Temperature Grade : E
---------------------------------------------------------------------------------------------

Data Sheet Report

Setup between Clocks

----------------------------------------------------------------------------------------------------+-----------------------------------------------------------------------------------------------------+---------------+---------+---------------+---------+---------------+---------+---------------+---------+
Source                                                                                              | Destination                                                                                         |  Src:Rise     | Process |  Src:Rise     | Process |  Src:Fall     | Process |  Src:Fall     | Process |
Clock                                                                                               | Clock                                                                                               | Dest:Rise(ns) | Corner  | Dest:Fall(ns) | Corner  | Dest:Rise(ns) | Corner  | Dest:Fall(ns) | Corner  |
----------------------------------------------------------------------------------------------------+-----------------------------------------------------------------------------------------------------+---------------+---------+---------------+---------+---------------+---------+---------------+---------+
board_clk                                                                                           | board_clk                                                                                           |         3.306 | SLOW    |               |         |               |         |               |         |
dbg_hub/inst/BSCANID.u_xsdbm_id/SWITCH_N_EXT_BSCAN.bscan_inst/SERIES7_BSCAN.bscan_inst/INTERNAL_TCK | board_clk                                                                                           |         5.469 | SLOW    |               |         |               |         |               |         |
board_clk                                                                                           | dbg_hub/inst/BSCANID.u_xsdbm_id/SWITCH_N_EXT_BSCAN.bscan_inst/SERIES7_BSCAN.bscan_inst/INTERNAL_TCK |         1.221 | SLOW    |               |         |               |         |               |         |
dbg_hub/inst/BSCANID.u_xsdbm_id/SWITCH_N_EXT_BSCAN.bscan_inst/SERIES7_BSCAN.bscan_inst/INTERNAL_TCK | dbg_hub/inst/BSCANID.u_xsdbm_id/SWITCH_N_EXT_BSCAN.bscan_inst/SERIES7_BSCAN.bscan_inst/INTERNAL_TCK |         3.359 | SLOW    |         9.554 | SLOW    |         4.929 | SLOW    |         8.423 | SLOW    |
----------------------------------------------------------------------------------------------------+-----------------------------------------------------------------------------------------------------+---------------+---------+---------------+---------+---------------+---------+---------------+---------+


